<?xml version="1.0" encoding="utf-8"?><testsuites name="pytest tests"><testsuite name="pytest" errors="1" failures="0" skipped="0" tests="1" time="1.170" timestamp="2026-07-11T04:13:37.106716+03:00" hostname="4tie"><testcase classname="" name="tests.test_aeroing4_pair_discovery_scoring" time="0.000"><error message="collection failure">ImportError while importing test module 'L:\M4tie\Documents\AeRoing4\backend\tests\test_aeroing4_pair_discovery_scoring.py'.
Hint: make sure your test modules/packages have valid Python names.
Traceback:
C:\Users\M4tie\AppData\Roaming\uv\python\cpython-3.11-windows-x86_64-none\Lib\importlib\__init__.py:126: in import_module
    return _bootstrap._gcd_import(name[level:], package, level)
           ^^^^^^^^^^^^^^^^^^^^^^^^^^^^^^^^^^^^^^^^^^^^^^^^^^^^
tests\test_aeroing4_pair_discovery_scoring.py:16: in &lt;module&gt;
    from backend.services.aeroing4.scoring import (
E   ImportError: cannot import name 'DEFAULT_MIN_TRADES' from 'backend.services.aeroing4.scoring' (L:\M4tie\Documents\AeRoing4\backend\services\aeroing4\scoring.py)</error></testcase></testsuite></testsuites>