<?xml version="1.0" encoding="utf-8"?><testsuites name="pytest tests"><testsuite name="pytest" errors="37" failures="146" skipped="14" tests="1599" time="50.081" timestamp="2026-07-11T03:49:03.506940+03:00" hostname="4tie"><testcase classname="services.ai.test_ai_service" name="test_ai_service_singleton" time="0.005" /><testcase classname="services.ai.test_ai_service" name="test_ai_service_client_context" time="0.003"><failure message="RuntimeError: Failed to create Ollama client">services\ai\test_ai_service.py:67: in test_ai_service_client_context
    async with service.client_context() as client:
C:\Users\M4tie\AppData\Roaming\uv\python\cpython-3.11-windows-x86_64-none\Lib\contextlib.py:210: in __aenter__
    return await anext(self.gen)
           ^^^^^^^^^^^^^^^^^^^^^
services\ai\ai_service.py:80: in client_context
    raise RuntimeError("Failed to create Ollama client")
E   RuntimeError: Failed to create Ollama client</failure></testcase><testcase classname="services.ai.test_ai_service" name="test_ai_service_health_check" time="0.004"><failure message="RuntimeError: Failed to create Ollama client">services\ai\test_ai_service.py:88: in test_ai_service_health_check
    is_healthy = await service.check_health()
                 ^^^^^^^^^^^^^^^^^^^^^^^^^^^^
services\ai\ai_service.py:95: in check_health
    async with self.client_context() as client:
C:\Users\M4tie\AppData\Roaming\uv\python\cpython-3.11-windows-x86_64-none\Lib\contextlib.py:210: in __aenter__
    return await anext(self.gen)
           ^^^^^^^^^^^^^^^^^^^^^
services\ai\ai_service.py:80: in client_context
    raise RuntimeError("Failed to create Ollama client")
E   RuntimeError: Failed to create Ollama client</failure></testcase><testcase classname="services.ai.test_ai_service" name="test_ai_service_generate" time="0.003"><failure message="AssertionError: assert None == 'Test response'">services\ai\test_ai_service.py:108: in test_ai_service_generate
    assert response == "Test response"
E   AssertionError: assert None == 'Test response'</failure></testcase><testcase classname="services.ai.test_ai_service" name="test_ai_service_generate_with_error" time="0.003" /><testcase classname="services.ai.test_ai_service" name="test_ai_service_cleanup" time="0.004"><failure message="RuntimeError: Failed to create Ollama client">services\ai\test_ai_service.py:145: in test_ai_service_cleanup
    async with service.client_context():
C:\Users\M4tie\AppData\Roaming\uv\python\cpython-3.11-windows-x86_64-none\Lib\contextlib.py:210: in __aenter__
    return await anext(self.gen)
           ^^^^^^^^^^^^^^^^^^^^^
services\ai\ai_service.py:80: in client_context
    raise RuntimeError("Failed to create Ollama client")
E   RuntimeError: Failed to create Ollama client</failure></testcase><testcase classname="services.ai.test_ai_service" name="test_ai_service_concurrent_access" time="0.004"><failure message="assert False&#10; +  where False = all(&lt;generator object test_ai_service_concurrent_access.&lt;locals&gt;.&lt;genexpr&gt; at 0x00000292539418A0&gt;)">services\ai\test_ai_service.py:176: in test_ai_service_concurrent_access
    assert all(result == "Response" for result in results)
E   assert False
E    +  where False = all(&lt;generator object test_ai_service_concurrent_access.&lt;locals&gt;.&lt;genexpr&gt; at 0x00000292539418A0&gt;)</failure></testcase><testcase classname="tests.aeroing4.diagnosis.test_engine" name="test_diagnosis_engine_initialization" time="0.001" /><testcase classname="tests.aeroing4.diagnosis.test_engine" name="test_diagnosis_engine_successful_diagnosis" time="0.001" /><testcase classname="tests.aeroing4.diagnosis.test_engine" name="test_diagnosis_engine_insufficient_evidence" time="0.001" /><testcase classname="tests.aeroing4.diagnosis.test_engine" name="test_diagnosis_engine_integrity_error" time="0.000" /><testcase classname="tests.aeroing4.diagnosis.test_engine" name="test_diagnosis_engine_no_champion_reference" time="0.000" /><testcase classname="tests.aeroing4.diagnosis.test_engine" name="test_diagnosis_engine_triggers_no_edge" time="0.001" /><testcase classname="tests.aeroing4.diagnosis.test_engine" name="test_diagnosis_engine_triggers_insufficient_sample" time="0.001" /><testcase classname="tests.aeroing4.diagnosis.test_engine" name="test_diagnosis_engine_excludes_parameter_research_from_primary" time="0.001" /><testcase classname="tests.aeroing4.diagnosis.test_engine" name="test_diagnosis_engine_generates_derived_findings" time="0.001" /><testcase classname="tests.aeroing4.diagnosis.test_engine" name="test_diagnosis_engine_input_hash" time="0.001" /><testcase classname="tests.aeroing4.diagnosis.test_engine" name="test_diagnosis_engine_duration" time="0.001" /><testcase classname="tests.aeroing4.diagnosis.test_expectancy_scale_invariance" name="test_negative_expectancy_with_low_profit_factor_critical" time="0.000" /><testcase classname="tests.aeroing4.diagnosis.test_expectancy_scale_invariance" name="test_negative_expectancy_with_marginal_profit_factor_high" time="0.000" /><testcase classname="tests.aeroing4.diagnosis.test_expectancy_scale_invariance" name="test_negative_expectancy_without_profit_factor_medium" time="0.000" /><testcase classname="tests.aeroing4.diagnosis.test_expectancy_scale_invariance" name="test_expectancy_severity_scale_invariant" time="0.000" /><testcase classname="tests.aeroing4.diagnosis.test_expectancy_scale_invariance" name="test_expectancy_severity_uses_profit_factor_not_magnitude" time="0.000" /><testcase classname="tests.aeroing4.diagnosis.test_expectancy_scale_invariance" name="test_positive_expectancy_no_trigger" time="0.000" /><testcase classname="tests.aeroing4.diagnosis.test_expectancy_scale_invariance" name="test_zero_expectancy_no_trigger" time="0.000" /><testcase classname="tests.aeroing4.diagnosis.test_idempotency" name="test_identical_input_reuses_diagnosis" time="0.006" /><testcase classname="tests.aeroing4.diagnosis.test_idempotency" name="test_input_hash_changes_with_baseline_input_hash" time="0.001" /><testcase classname="tests.aeroing4.diagnosis.test_idempotency" name="test_input_hash_changes_with_metrics_version" time="0.001" /><testcase classname="tests.aeroing4.diagnosis.test_idempotency" name="test_input_hash_changes_with_strategy_hash" time="0.001" /><testcase classname="tests.aeroing4.diagnosis.test_idempotency" name="test_input_hash_changes_with_parameter_hash" time="0.001" /><testcase classname="tests.aeroing4.diagnosis.test_idempotency" name="test_input_hash_changes_with_canonical_metrics_hash" time="0.001" /><testcase classname="tests.aeroing4.diagnosis.test_idempotency" name="test_changed_baseline_evidence_creates_new_diagnosis" time="0.016" /><testcase classname="tests.aeroing4.diagnosis.test_idempotency" name="test_changed_metrics_version_invalidates_reuse" time="0.006" /><testcase classname="tests.aeroing4.diagnosis.test_idempotency" name="test_changed_strategy_hash_creates_new_diagnosis" time="0.006" /><testcase classname="tests.aeroing4.diagnosis.test_idempotency" name="test_changed_parameter_hash_creates_new_diagnosis" time="0.007" /><testcase classname="tests.aeroing4.diagnosis.test_idempotency" name="test_restart_reload_finds_reusable_diagnosis" time="0.007" /><testcase classname="tests.aeroing4.diagnosis.test_idempotency" name="test_input_hash_includes_all_identity_fields" time="0.001" /><testcase classname="tests.aeroing4.diagnosis.test_models" name="test_diagnosis_code_enum" time="0.000" /><testcase classname="tests.aeroing4.diagnosis.test_models" name="test_diagnosis_finding_validation" time="0.000" /><testcase classname="tests.aeroing4.diagnosis.test_models" name="test_diagnosis_finding_confidence_bounds" time="0.000" /><testcase classname="tests.aeroing4.diagnosis.test_models" name="test_diagnosis_result_validation" time="0.000" /><testcase classname="tests.aeroing4.diagnosis.test_models" name="test_evidence_quality_enum" time="0.000" /><testcase classname="tests.aeroing4.diagnosis.test_models" name="test_severity_enum" time="0.000" /><testcase classname="tests.aeroing4.diagnosis.test_models" name="test_diagnosis_category_enum" time="0.000" /><testcase classname="tests.aeroing4.diagnosis.test_models" name="test_diagnosis_outcome_enum" time="0.000" /><testcase classname="tests.aeroing4.diagnosis.test_persistence" name="test_diagnosis_store_save_and_load" time="0.006" /><testcase classname="tests.aeroing4.diagnosis.test_persistence" name="test_diagnosis_store_load_all" time="0.011" /><testcase classname="tests.aeroing4.diagnosis.test_persistence" name="test_diagnosis_store_list_by_run" time="0.027" /><testcase classname="tests.aeroing4.diagnosis.test_persistence" name="test_diagnosis_store_list_by_champion" time="0.016" /><testcase classname="tests.aeroing4.diagnosis.test_persistence" name="test_diagnosis_store_get_latest_for_run" time="0.004" /><testcase classname="tests.aeroing4.diagnosis.test_persistence" name="test_diagnosis_store_get_latest_for_champion" time="0.004" /><testcase classname="tests.aeroing4.diagnosis.test_persistence" name="test_diagnosis_store_delete" time="0.007" /><testcase classname="tests.aeroing4.diagnosis.test_persistence" name="test_diagnosis_store_delete_nonexistent" time="0.001" /><testcase classname="tests.aeroing4.diagnosis.test_persistence" name="test_diagnosis_store_atomic_save" time="0.027" /><testcase classname="tests.aeroing4.diagnosis.test_persistence" name="test_diagnosis_store_empty" time="0.001" /><testcase classname="tests.aeroing4.diagnosis.test_resolver" name="test_map_exit_reason_stoploss" time="0.000" /><testcase classname="tests.aeroing4.diagnosis.test_resolver" name="test_map_exit_reason_profit" time="0.000" /><testcase classname="tests.aeroing4.diagnosis.test_resolver" name="test_map_exit_reason_strategy" time="0.000" /><testcase classname="tests.aeroing4.diagnosis.test_resolver" name="test_map_exit_reason_operational" time="0.000" /><testcase classname="tests.aeroing4.diagnosis.test_resolver" name="test_map_exit_reason_unknown" time="0.000" /><testcase classname="tests.aeroing4.diagnosis.test_resolver" name="test_evidence_resolver_get_total_trades" time="0.000" /><testcase classname="tests.aeroing4.diagnosis.test_resolver" name="test_evidence_resolver_get_profit_factor" time="0.000" /><testcase classname="tests.aeroing4.diagnosis.test_resolver" name="test_evidence_resolver_get_expectancy" time="0.000" /><testcase classname="tests.aeroing4.diagnosis.test_resolver" name="test_evidence_resolver_get_max_drawdown" time="0.000" /><testcase classname="tests.aeroing4.diagnosis.test_resolver" name="test_evidence_resolver_get_selected_pairs" time="0.000" /><testcase classname="tests.aeroing4.diagnosis.test_resolver" name="test_evidence_resolver_get_per_pair_contributions" time="0.000" /><testcase classname="tests.aeroing4.diagnosis.test_resolver" name="test_evidence_resolver_get_negative_contributing_pairs" time="0.000" /><testcase classname="tests.aeroing4.diagnosis.test_resolver" name="test_evidence_resolver_get_stoploss_exit_share" time="0.000" /><testcase classname="tests.aeroing4.diagnosis.test_resolver" name="test_evidence_resolver_is_metric_available" time="0.000" /><testcase classname="tests.aeroing4.diagnosis.test_rule_priority" name="test_registry_get_rule_by_diagnosis_code" time="0.000" /><testcase classname="tests.aeroing4.diagnosis.test_rule_priority" name="test_rule_priority_lookup" time="0.000" /><testcase classname="tests.aeroing4.diagnosis.test_rule_priority" name="test_primary_diagnosis_uses_rule_priority" time="0.000" /><testcase classname="tests.aeroing4.diagnosis.test_rule_priority" name="test_diagnosis_code_tie_break_after_priority" time="0.000" /><testcase classname="tests.aeroing4.diagnosis.test_rule_priority" name="test_derived_findings_excluded_from_primary" time="0.000" /><testcase classname="tests.aeroing4.diagnosis.test_rule_priority" name="test_severity_takes_precedence_over_priority" time="0.000" /><testcase classname="tests.aeroing4.diagnosis.test_rule_priority" name="test_confidence_takes_precedence_over_priority" time="0.000" /><testcase classname="tests.aeroing4.diagnosis.test_rules" name="test_insufficient_sample_rule_triggers" time="0.000" /><testcase classname="tests.aeroing4.diagnosis.test_rules" name="test_insufficient_sample_rule_no_trigger" time="0.000" /><testcase classname="tests.aeroing4.diagnosis.test_rules" name="test_no_edge_rule_triggers" time="0.000" /><testcase classname="tests.aeroing4.diagnosis.test_rules" name="test_no_edge_rule_no_trigger_pf_ok" time="0.000" /><testcase classname="tests.aeroing4.diagnosis.test_rules" name="test_no_edge_rule_no_trigger_expectancy_ok" time="0.000" /><testcase classname="tests.aeroing4.diagnosis.test_rules" name="test_excessive_drawdown_rule_critical" time="0.000" /><testcase classname="tests.aeroing4.diagnosis.test_rules" name="test_excessive_drawdown_rule_high" time="0.000" /><testcase classname="tests.aeroing4.diagnosis.test_rules" name="test_excessive_drawdown_rule_no_trigger" time="0.000" /><testcase classname="tests.aeroing4.diagnosis.test_rules" name="test_single_pair_dependence_rule_triggers" time="0.000" /><testcase classname="tests.aeroing4.diagnosis.test_rules" name="test_single_pair_dependence_rule_no_trigger" time="0.000" /><testcase classname="tests.aeroing4.diagnosis.test_rules" name="test_stoploss_dominance_rule_triggers" time="0.000" /><testcase classname="tests.aeroing4.diagnosis.test_rules" name="test_stoploss_dominance_rule_no_trigger" time="0.000" /><testcase classname="tests.aeroing4.diagnosis.test_rules" name="test_entry_too_restrictive_rule_triggers" time="0.000" /><testcase classname="tests.aeroing4.diagnosis.test_rules" name="test_entry_too_restrictive_rule_no_trigger" time="0.000" /><testcase classname="tests.aeroing4.diagnosis.test_rules" name="test_parameter_research_rules_are_derived" time="0.000" /><testcase classname="tests.aeroing4.diagnosis.test_rules" name="test_parameter_research_rules_do_not_evaluate" time="0.000" /><testcase classname="tests.aeroing4.diagnosis.test_rules" name="test_rule_check_required_evidence" time="0.000" /><testcase classname="tests.aeroing4.diagnosis.test_rules" name="test_rule_missing_required_evidence" time="0.000" /><testcase classname="tests.aeroing4.diagnosis.test_store_safety" name="test_save_and_load" time="0.006" /><testcase classname="tests.aeroing4.diagnosis.test_store_safety" name="test_save_updates_existing" time="0.010" /><testcase classname="tests.aeroing4.diagnosis.test_store_safety" name="test_load_nonexistent_returns_none" time="0.001" /><testcase classname="tests.aeroing4.diagnosis.test_store_safety" name="test_list_by_run" time="0.017" /><testcase classname="tests.aeroing4.diagnosis.test_store_safety" name="test_list_by_champion" time="0.024" /><testcase classname="tests.aeroing4.diagnosis.test_store_safety" name="test_delete" time="0.006" /><testcase classname="tests.aeroing4.diagnosis.test_store_safety" name="test_atomic_write" time="0.006" /><testcase classname="tests.aeroing4.diagnosis.test_store_safety" name="test_corrupt_file_fails_closed" time="0.002" /><testcase classname="tests.aeroing4.diagnosis.test_store_safety" name="test_concurrent_saves" time="0.056" /><testcase classname="tests.aeroing4.diagnosis.test_store_safety" name="test_history_remains_available" time="0.024" /><testcase classname="tests.aeroing4.diagnosis.test_store_safety" name="test_get_latest_for_run" time="0.004" /><testcase classname="tests.aeroing4.diagnosis.test_store_safety" name="test_get_latest_for_champion" time="0.004" /><testcase classname="tests.aeroing4.diagnosis.test_thresholds" name="test_profit_factor_thresholds" time="0.000" /><testcase classname="tests.aeroing4.diagnosis.test_thresholds" name="test_drawdown_thresholds" time="0.000" /><testcase classname="tests.aeroing4.diagnosis.test_thresholds" name="test_expectancy_threshold" time="0.000" /><testcase classname="tests.aeroing4.diagnosis.test_thresholds" name="test_classify_evidence_quality_high" time="0.000" /><testcase classname="tests.aeroing4.diagnosis.test_thresholds" name="test_classify_evidence_quality_insufficient" time="0.000" /><testcase classname="tests.aeroing4.diagnosis.test_thresholds" name="test_classify_evidence_quality_medium" time="0.000" /><testcase classname="tests.aeroing4.diagnosis.test_thresholds" name="test_classify_evidence_quality_missing_metrics" time="0.000" /><testcase classname="tests.aeroing4.test_configuration_propagation" name="test_request_model_has_configuration_fields" time="0.000" /><testcase classname="tests.aeroing4.test_configuration_propagation" name="test_request_model_defaults" time="0.000" /><testcase classname="tests.aeroing4.test_configuration_propagation" name="test_run_model_has_configuration_fields" time="0.000" /><testcase classname="tests.aeroing4.test_configuration_propagation" name="test_run_model_defaults" time="0.001" /><testcase classname="tests.aeroing4.test_configuration_propagation" name="test_state_store_creates_run_with_configuration" time="0.006" /><testcase classname="tests.aeroing4.test_configuration_propagation" name="test_state_store_survives_reload" time="0.006" /><testcase classname="tests.aeroing4.test_configuration_propagation" name="test_orchestrator_create_run_accepts_configuration" time="0.001" /><testcase classname="tests.aeroing4.test_configuration_propagation" name="test_configuration_changes_identity" time="0.000" /><testcase classname="tests.aeroing4.test_configuration_propagation" name="test_configuration_snapshot_includes_configuration" time="0.000" /><testcase classname="tests.aeroing4.test_configuration_propagation" name="test_portfolio_baseline_result_has_configuration_fields" time="0.000" /><testcase classname="tests.aeroing4.test_initial_champion.TestInitialChampionStep" name="test_initial_champion_from_profitable_baseline" time="0.000" /><testcase classname="tests.aeroing4.test_initial_champion.TestInitialChampionStep" name="test_initial_champion_from_losing_baseline" time="0.000" /><testcase classname="tests.aeroing4.test_initial_champion.TestInitialChampionStep" name="test_no_champion_after_execution_failure" time="0.000" /><testcase classname="tests.aeroing4.test_initial_champion.TestInitialChampionStep" name="test_champion_references_immutable_artifact" time="0.001" /><testcase classname="tests.aeroing4.test_initial_champion.TestInitialChampionStep" name="test_champion_identity_deterministic" time="0.000" /><testcase classname="tests.aeroing4.test_initial_champion.TestInitialChampionStep" name="test_duplicate_baseline_no_duplicate_champion" time="0.000" /><testcase classname="tests.aeroing4.test_initial_champion.TestInitialChampionStep" name="test_restart_preserves_champion_identity" time="0.000" /><testcase classname="tests.aeroing4.test_initial_champion.TestChampionStore" name="test_champion_store_persistence" time="0.001" /><testcase classname="tests.aeroing4.test_initial_champion.TestChampionStore" name="test_champion_store_lineage" time="0.001" /><testcase classname="tests.aeroing4.test_initial_champion.TestResearchStateIntegration" name="test_research_state_champion_pointer" time="0.001" /><testcase classname="tests.aeroing4.test_initial_champion.TestResearchStateIntegration" name="test_research_state_does_not_duplicate_history" time="0.001" /><testcase classname="tests.aeroing4.test_pair_selection.TestPairSelector" name="test_auto_best_n_default_count" time="0.000" /><testcase classname="tests.aeroing4.test_pair_selection.TestPairSelector" name="test_auto_best_n_configurable_count" time="0.000" /><testcase classname="tests.aeroing4.test_pair_selection.TestPairSelector" name="test_auto_best_n_deterministic_order" time="0.000" /><testcase classname="tests.aeroing4.test_pair_selection.TestPairSelector" name="test_auto_best_n_insufficient_qualified_pairs" time="0.000" /><testcase classname="tests.aeroing4.test_pair_selection.TestPairSelector" name="test_auto_best_n_excludes_rejected_pairs" time="0.000" /><testcase classname="tests.aeroing4.test_pair_selection.TestPairSelector" name="test_manual_valid_selection" time="0.000" /><testcase classname="tests.aeroing4.test_pair_selection.TestPairSelector" name="test_manual_invalid_pair" time="0.000" /><testcase classname="tests.aeroing4.test_pair_selection.TestPairSelector" name="test_manual_non_qualified_pair_warning" time="0.000" /><testcase classname="tests.aeroing4.test_pair_selection.TestPairSelector" name="test_manual_allow_non_qualified" time="0.000" /><testcase classname="tests.aeroing4.test_pair_selection.TestPairSelector" name="test_selection_hash_stability" time="0.000" /><testcase classname="tests.aeroing4.test_pair_selection.TestPairSelector" name="test_selection_hash_changes_with_different_inputs" time="0.000" /><testcase classname="tests.aeroing4.test_pair_selection.TestPairSelector" name="test_selection_immutability_after_baseline" time="0.000" /><testcase classname="tests.aeroing4.test_portfolio_baseline.TestPortfolioAnalyzer" name="test_extract_per_pair_contributions" time="0.001" /><testcase classname="tests.aeroing4.test_portfolio_baseline.TestPortfolioAnalyzer" name="test_extract_per_pair_contributions_with_missing_totals" time="0.001" /><testcase classname="tests.aeroing4.test_portfolio_baseline.TestPortfolioAnalyzer" name="test_analyze_concentration_balanced" time="0.001" /><testcase classname="tests.aeroing4.test_portfolio_baseline.TestPortfolioAnalyzer" name="test_analyze_concentration_high" time="0.001" /><testcase classname="tests.aeroing4.test_portfolio_baseline.TestPortfolioAnalyzer" name="test_analyze_concentration_moderate" time="0.001" /><testcase classname="tests.aeroing4.test_portfolio_baseline.TestPortfolioAnalyzer" name="test_analyze_concentration_empty" time="0.001" /><testcase classname="tests.aeroing4.test_portfolio_baseline.TestPortfolioAnalyzer" name="test_extract_exit_reason_distribution" time="0.001" /><testcase classname="tests.aeroing4.test_portfolio_baseline.TestPortfolioAnalyzer" name="test_extract_exit_reason_distribution_missing_data" time="0.001" /><testcase classname="tests.aeroing4.test_portfolio_baseline.TestPortfolioBaselineResult" name="test_baseline_result_pass" time="0.000" /><testcase classname="tests.aeroing4.test_portfolio_baseline.TestPortfolioBaselineResult" name="test_baseline_result_fail_execution" time="0.000" /><testcase classname="tests.aeroing4.test_portfolio_baseline.TestPortfolioBaselineResult" name="test_baseline_result_losing_but_valid" time="0.000" /><testcase classname="tests.aeroing4.test_portfolio_baseline.TestPortfolioBaselineResult" name="test_baseline_result_no_trades" time="0.000" /><testcase classname="tests.aeroing4.test_portfolio_baseline.TestPortfolioBaselineResult" name="test_baseline_result_protocol_denied" time="0.000" /><testcase classname="tests.aeroing4.test_protocol_integration.TestPortfolioBaselineProtocolAccess" name="test_portfolio_baseline_accesses_develop_only" time="0.001" /><testcase classname="tests.aeroing4.test_protocol_integration.TestPortfolioBaselineProtocolAccess" name="test_portfolio_baseline_denied_confirmation" time="0.001" /><testcase classname="tests.aeroing4.test_protocol_integration.TestPortfolioBaselineProtocolAccess" name="test_portfolio_baseline_denied_final_unseen" time="0.001" /><testcase classname="tests.aeroing4.test_protocol_integration.TestPortfolioBaselineProtocolAccess" name="test_portfolio_baseline_without_protocol" time="0.001" /><testcase classname="tests.aeroing4.test_protocol_integration.TestPortfolioBaselineProtocolAccess" name="test_access_ledger_reference_stored" time="0.001" /><testcase classname="tests.aeroing4.test_protocol_integration.TestPortfolioBaselineProtocolAccess" name="test_develop_timerange_enforced" time="0.001" /><testcase classname="tests.aeroing4.test_protocol_integration.TestResearchBudgetNoConsumption" name="test_no_research_budget_consumed" time="0.001" /><testcase classname="tests.aeroing4.test_protocol_integration.TestNoAutomaticHypothesisCreation" name="test_no_hypothesis_created" time="0.001" /><testcase classname="tests.aeroing4.test_protocol_integration.TestNoAutomaticExperimentCreation" name="test_no_experiment_created" time="0.001" /><testcase classname="tests.aeroing4.test_protocol_integration.TestResearchStateChampionOnly" name="test_research_state_updated_for_champion" time="0.002" /><testcase classname="tests.aeroing4.test_protocol_integration.TestResearchStateChampionOnly" name="test_research_state_not_updated_for_baseline" time="0.001" /><testcase classname="tests.aeroing4.test_protocol_integration.TestPairSelectionProtocolConsistency" name="test_pair_selection_reads_protected_evidence" time="0.001" /><testcase classname="tests.aeroing4.test_protocol_integration.TestPairSelectionProtocolConsistency" name="test_pair_selection_does_not_access_zones" time="0.001" /><testcase classname="tests.auto_quant.test_ai_suggestion_routes" name="test_ai_suggestions_list_and_unknown" time="0.023" /><testcase classname="tests.auto_quant.test_ai_suggestion_routes" name="test_approve_suggestion_applies_and_schedules_resume" time="0.017"><failure message="ImportError: import error in backend.api.routers.auto_quant.asyncio: No module named 'backend.api.routers.auto_quant.asyncio'">C:\Users\M4tie\AppData\Roaming\uv\python\cpython-3.11-windows-x86_64-none\Lib\importlib\__init__.py:126: in import_module
    return _bootstrap._gcd_import(name[level:], package, level)
           ^^^^^^^^^^^^^^^^^^^^^^^^^^^^^^^^^^^^^^^^^^^^^^^^^^^^
E   ModuleNotFoundError: No module named 'backend.api.routers.auto_quant.asyncio'

The above exception was the direct cause of the following exception:
tests\auto_quant\test_ai_suggestion_routes.py:60: in test_approve_suggestion_applies_and_schedules_resume
    monkeypatch.setattr("backend.api.routers.auto_quant.asyncio.create_task", fake_create_task)
C:\Users\M4tie\AppData\Local\hermes\hermes-agent\venv\Lib\site-packages\_pytest\monkeypatch.py:107: in derive_importpath
    target = resolve(module)
             ^^^^^^^^^^^^^^^
C:\Users\M4tie\AppData\Local\hermes\hermes-agent\venv\Lib\site-packages\_pytest\monkeypatch.py:88: in resolve
    raise ImportError(f"import error in {used}: {ex}") from ex
E   ImportError: import error in backend.api.routers.auto_quant.asyncio: No module named 'backend.api.routers.auto_quant.asyncio'</failure></testcase><testcase classname="tests.auto_quant.test_ai_suggestion_routes" name="test_reject_suggestion_leaves_manual_actions" time="0.072" /><testcase classname="tests.auto_quant.test_ai_suggestion_routes" name="test_approve_non_pending_returns_409" time="0.019" /><testcase classname="tests.auto_quant.test_ai_suggestions" name="test_legacy_ai_suggestions_dict_normalizes_to_list" time="0.000" /><testcase classname="tests.auto_quant.test_ai_suggestions" name="test_pending_suggestion_does_not_mutate_config" time="0.001" /><testcase classname="tests.auto_quant.test_ai_suggestions" name="test_approve_applies_validated_changes_through_state" time="0.001" /><testcase classname="tests.auto_quant.test_ai_suggestions" name="test_reject_applies_nothing_and_exposes_manual_actions" time="0.001" /><testcase classname="tests.auto_quant.test_ai_suggestions" name="test_invalid_suggestion_states_raise" time="0.001" /><testcase classname="tests.auto_quant.test_api_compatibility" name="test_old_payload_accepted" time="0.001" /><testcase classname="tests.auto_quant.test_api_compatibility" name="test_new_payload_accepted" time="0.000" /><testcase classname="tests.auto_quant.test_api_compatibility" name="test_mixed_payload_accepted" time="0.000" /><testcase classname="tests.auto_quant.test_api_compatibility" name="test_advanced_overrides_accepted" time="0.000" /><testcase classname="tests.auto_quant.test_api_compatibility" name="test_uploaded_strategy_id_accepted" time="0.000" /><testcase classname="tests.auto_quant.test_api_compatibility" name="test_extra_fields_ignored" time="0.000" /><testcase classname="tests.auto_quant.test_api_compatibility" name="test_required_fields_validation" time="0.001" /><testcase classname="tests.auto_quant.test_api_compatibility" name="test_default_values_applied" time="0.000" /><testcase classname="tests.auto_quant.test_cancellation.TestCancellationBasics" name="test_cancel_pending_run" time="0.036" /><testcase classname="tests.auto_quant.test_cancellation.TestCancellationBasics" name="test_cancel_running_run" time="1.022" /><testcase classname="tests.auto_quant.test_cancellation.TestCancellationBasics" name="test_cancel_unknown_run" time="0.018" /><testcase classname="tests.auto_quant.test_cancellation.TestCancellationBasics" name="test_cancel_twice" time="0.030" /><testcase classname="tests.auto_quant.test_cancellation.TestCancellationStateTransitions" name="test_cancelled_status_reported" time="0.030" /><testcase classname="tests.auto_quant.test_cancellation.TestCancellationStateTransitions" name="test_cancel_prevents_progress" time="2.029" /><testcase classname="tests.auto_quant.test_cancellation.TestCancellationEdgeCases" name="test_cancel_already_completed_run" time="2.026" /><testcase classname="tests.auto_quant.test_cancellation.TestCancellationEdgeCases" name="test_cancel_multiple_runs" time="0.039" /><testcase classname="tests.auto_quant.test_cancellation.TestCancellationResponseFormat" name="test_cancel_response_has_required_fields" time="0.026" /><testcase classname="tests.auto_quant.test_error_scenarios.TestInvalidConfigurations" name="test_missing_strategy_field" time="0.017" /><testcase classname="tests.auto_quant.test_error_scenarios.TestInvalidConfigurations" name="test_missing_timeframe_field" time="0.024" /><testcase classname="tests.auto_quant.test_error_scenarios.TestInvalidConfigurations" name="test_missing_date_range_fields" time="0.026" /><testcase classname="tests.auto_quant.test_error_scenarios.TestInvalidConfigurations" name="test_invalid_date_range_format" time="0.016" /><testcase classname="tests.auto_quant.test_error_scenarios.TestInvalidConfigurations" name="test_invalid_hyperopt_epochs" time="0.018" /><testcase classname="tests.auto_quant.test_error_scenarios.TestInvalidConfigurations" name="test_empty_pairs_list" time="0.017" /><testcase classname="tests.auto_quant.test_error_scenarios.TestMissingFiles" name="test_nonexistent_strategy_file" time="0.018" /><testcase classname="tests.auto_quant.test_error_scenarios.TestInvalidRunIds" name="test_status_unknown_run_id" time="0.016" /><testcase classname="tests.auto_quant.test_error_scenarios.TestInvalidRunIds" name="test_cancel_unknown_run_id" time="0.017" /><testcase classname="tests.auto_quant.test_error_scenarios.TestInvalidRunIds" name="test_report_unknown_run_id" time="0.018" /><testcase classname="tests.auto_quant.test_error_scenarios.TestDownloadSecurity" name="test_download_path_traversal_attempt" time="0.016" /><testcase classname="tests.auto_quant.test_error_scenarios.TestDownloadSecurity" name="test_download_absolute_path_attempt" time="0.018" /><testcase classname="tests.auto_quant.test_error_scenarios.TestTypeErrors" name="test_hyperopt_epochs_not_integer" time="0.017" /><testcase classname="tests.auto_quant.test_error_scenarios.TestTypeErrors" name="test_wfo_enabled_not_boolean" time="0.018" /><testcase classname="tests.auto_quant.test_error_scenarios.TestTypeErrors" name="test_pairs_not_list" time="0.016" /><testcase classname="tests.auto_quant.test_error_scenarios.TestEdgeCases" name="test_very_short_date_range" time="0.025" /><testcase classname="tests.auto_quant.test_error_scenarios.TestEdgeCases" name="test_very_large_hyperopt_epochs" time="0.024" /><testcase classname="tests.auto_quant.test_error_scenarios.TestEdgeCases" name="test_many_pairs" time="0.026" /><testcase classname="tests.auto_quant.test_hyperopt_extract" name="test_parse_picks_is_best_epoch" time="0.006" /><testcase classname="tests.auto_quant.test_hyperopt_extract" name="test_parse_falls_back_to_lowest_loss_when_no_is_best" time="0.005" /><testcase classname="tests.auto_quant.test_hyperopt_extract" name="test_parse_skips_malformed_lines" time="0.006" /><testcase classname="tests.auto_quant.test_hyperopt_extract" name="test_parse_single_object_with_results_array" time="0.006" /><testcase classname="tests.auto_quant.test_hyperopt_extract" name="test_parse_penalty_only_returns_best_penalty_epoch" time="0.005" /><testcase classname="tests.auto_quant.test_hyperopt_extract" name="test_zero_trades_guard_ignores_absent_key" time="0.006" /><testcase classname="tests.auto_quant.test_hyperopt_extract" name="test_zero_trades_guard_fires_when_present_and_zero" time="0.006" /><testcase classname="tests.auto_quant.test_hyperopt_extract" name="test_extract_via_fthypt_file" time="0.007" /><testcase classname="tests.auto_quant.test_hyperopt_real_run" name="test_extract_real_newest_fthypt" time="0.294" /><testcase classname="tests.auto_quant.test_oos_isolation" name="test_parse_timerange_valid" time="0.000" /><testcase classname="tests.auto_quant.test_oos_isolation" name="test_parse_timerange_invalid" time="0.000" /><testcase classname="tests.auto_quant.test_oos_isolation" name="test_check_timerange_overlap_no_overlap" time="0.000" /><testcase classname="tests.auto_quant.test_oos_isolation" name="test_check_timerange_overlap_with_overlap" time="0.000" /><testcase classname="tests.auto_quant.test_oos_isolation" name="test_check_timerange_overlap_adjacent" time="0.000" /><testcase classname="tests.auto_quant.test_oos_isolation" name="test_validate_oos_isolation_properly_separated" time="0.000" /><testcase classname="tests.auto_quant.test_oos_isolation" name="test_validate_oos_isolation_overlapping" time="0.000" /><testcase classname="tests.auto_quant.test_oos_isolation" name="test_validate_oos_isolation_oos_before_is" time="0.000" /><testcase classname="tests.auto_quant.test_oos_isolation" name="test_extract_pure_is_range" time="0.000" /><testcase classname="tests.auto_quant.test_oos_isolation" name="test_validate_oos_isolation_missing_ranges" time="0.000" /><testcase classname="tests.auto_quant.test_oos_isolation" name="test_validate_oos_isolation_adds_notes_to_state" time="0.000" /><testcase classname="tests.auto_quant.test_pipeline_execution.TestPipelineHappyPath" name="test_all_7_stages_complete" time="0.540" /><testcase classname="tests.auto_quant.test_pipeline_execution.TestPipelineHappyPath" name="test_stage_state_transitions" time="10.046" /><testcase classname="tests.auto_quant.test_pipeline_execution.TestPipelineHappyPath" name="test_concurrent_runs_isolated" time="0.039"><failure message="AssertionError: assert None == '5m'&#10; +  where None = &lt;built-in method get of dict object at 0x0000029253FE7FC0&gt;('timeframe')&#10; +    where &lt;built-in method get of dict object at 0x0000029253FE7FC0&gt; = {}.get&#10; +      where {} = &lt;built-in method get of dict object at 0x0000029253FFCE40&gt;('config', {})&#10; +        where &lt;built-in method get of dict object at 0x0000029253FFCE40&gt; = {'run_id': 'b042a785-901c-4279-9052-cbee1fb91194', 'strategy': 'TestStrategy', 'original_strategy': 'TestStrategy', 'original_strategy_hash': '0e58e6c4b2a2d1ec527085468564a8179a0869c0cb28b11f40808669c34322d3', ...}.get">tests\auto_quant\test_pipeline_execution.py:134: in test_concurrent_runs_isolated
    assert status1.get("config", {}).get("timeframe") == "5m"
E   AssertionError: assert None == '5m'
E    +  where None = &lt;built-in method get of dict object at 0x0000029253FE7FC0&gt;('timeframe')
E    +    where &lt;built-in method get of dict object at 0x0000029253FE7FC0&gt; = {}.get
E    +      where {} = &lt;built-in method get of dict object at 0x0000029253FFCE40&gt;('config', {})
E    +        where &lt;built-in method get of dict object at 0x0000029253FFCE40&gt; = {'run_id': 'b042a785-901c-4279-9052-cbee1fb91194', 'strategy': 'TestStrategy', 'original_strategy': 'TestStrategy', 'original_strategy_hash': '0e58e6c4b2a2d1ec527085468564a8179a0869c0cb28b11f40808669c34322d3', ...}.get</failure></testcase><testcase classname="tests.auto_quant.test_pipeline_execution.TestPipelineOutputFiles" name="test_output_directory_created" time="0.026" /><testcase classname="tests.auto_quant.test_pipeline_execution.TestPipelineOutputFiles" name="test_state_json_created" time="0.529" /><testcase classname="tests.auto_quant.test_pipeline_execution.TestPipelineConfiguration" name="test_pipeline_accepts_timeframes[5m]" time="0.039" /><testcase classname="tests.auto_quant.test_pipeline_execution.TestPipelineConfiguration" name="test_pipeline_accepts_timeframes[1h]" time="0.027" /><testcase classname="tests.auto_quant.test_pipeline_execution.TestPipelineConfiguration" name="test_pipeline_accepts_timeframes[4h]" time="0.024" /><testcase classname="tests.auto_quant.test_pipeline_execution.TestPipelineConfiguration" name="test_pipeline_hyperopt_epochs[5]" time="0.079"><failure message="AssertionError: assert None == 5&#10; +  where None = &lt;built-in method get of dict object at 0x0000029253DA9B00&gt;('hyperopt_epochs')&#10; +    where &lt;built-in method get of dict object at 0x0000029253DA9B00&gt; = {}.get&#10; +      where {} = &lt;built-in method get of dict object at 0x0000029253D30300&gt;('config', {})&#10; +        where &lt;built-in method get of dict object at 0x0000029253D30300&gt; = {'run_id': '1c995906-627d-47d2-a881-4596e58d5d16', 'strategy': 'TestStrategy', 'original_strategy': 'TestStrategy', 'original_strategy_hash': '0e58e6c4b2a2d1ec527085468564a8179a0869c0cb28b11f40808669c34322d3', ...}.get">tests\auto_quant\test_pipeline_execution.py:234: in test_pipeline_hyperopt_epochs
    assert status.get("config", {}).get("hyperopt_epochs") == epochs
E   AssertionError: assert None == 5
E    +  where None = &lt;built-in method get of dict object at 0x0000029253DA9B00&gt;('hyperopt_epochs')
E    +    where &lt;built-in method get of dict object at 0x0000029253DA9B00&gt; = {}.get
E    +      where {} = &lt;built-in method get of dict object at 0x0000029253D30300&gt;('config', {})
E    +        where &lt;built-in method get of dict object at 0x0000029253D30300&gt; = {'run_id': '1c995906-627d-47d2-a881-4596e58d5d16', 'strategy': 'TestStrategy', 'original_strategy': 'TestStrategy', 'original_strategy_hash': '0e58e6c4b2a2d1ec527085468564a8179a0869c0cb28b11f40808669c34322d3', ...}.get</failure></testcase><testcase classname="tests.auto_quant.test_pipeline_execution.TestPipelineConfiguration" name="test_pipeline_hyperopt_epochs[10]" time="0.028"><failure message="AssertionError: assert None == 10&#10; +  where None = &lt;built-in method get of dict object at 0x0000029253FB0180&gt;('hyperopt_epochs')&#10; +    where &lt;built-in method get of dict object at 0x0000029253FB0180&gt; = {}.get&#10; +      where {} = &lt;built-in method get of dict object at 0x0000029253D78140&gt;('config', {})&#10; +        where &lt;built-in method get of dict object at 0x0000029253D78140&gt; = {'run_id': '38177468-3689-4343-9836-b6160069848d', 'strategy': 'TestStrategy', 'original_strategy': 'TestStrategy', 'original_strategy_hash': '0e58e6c4b2a2d1ec527085468564a8179a0869c0cb28b11f40808669c34322d3', ...}.get">tests\auto_quant\test_pipeline_execution.py:234: in test_pipeline_hyperopt_epochs
    assert status.get("config", {}).get("hyperopt_epochs") == epochs
E   AssertionError: assert None == 10
E    +  where None = &lt;built-in method get of dict object at 0x0000029253FB0180&gt;('hyperopt_epochs')
E    +    where &lt;built-in method get of dict object at 0x0000029253FB0180&gt; = {}.get
E    +      where {} = &lt;built-in method get of dict object at 0x0000029253D78140&gt;('config', {})
E    +        where &lt;built-in method get of dict object at 0x0000029253D78140&gt; = {'run_id': '38177468-3689-4343-9836-b6160069848d', 'strategy': 'TestStrategy', 'original_strategy': 'TestStrategy', 'original_strategy_hash': '0e58e6c4b2a2d1ec527085468564a8179a0869c0cb28b11f40808669c34322d3', ...}.get</failure></testcase><testcase classname="tests.auto_quant.test_pipeline_execution.TestPipelineConfiguration" name="test_pipeline_hyperopt_epochs[50]" time="0.028"><failure message="AssertionError: assert None == 50&#10; +  where None = &lt;built-in method get of dict object at 0x00000292540CCB80&gt;('hyperopt_epochs')&#10; +    where &lt;built-in method get of dict object at 0x00000292540CCB80&gt; = {}.get&#10; +      where {} = &lt;built-in method get of dict object at 0x0000029253F3B840&gt;('config', {})&#10; +        where &lt;built-in method get of dict object at 0x0000029253F3B840&gt; = {'run_id': '7c5be0f3-7a00-4836-b047-70f06921f83d', 'strategy': 'TestStrategy', 'original_strategy': 'TestStrategy', 'original_strategy_hash': '0e58e6c4b2a2d1ec527085468564a8179a0869c0cb28b11f40808669c34322d3', ...}.get">tests\auto_quant\test_pipeline_execution.py:234: in test_pipeline_hyperopt_epochs
    assert status.get("config", {}).get("hyperopt_epochs") == epochs
E   AssertionError: assert None == 50
E    +  where None = &lt;built-in method get of dict object at 0x00000292540CCB80&gt;('hyperopt_epochs')
E    +    where &lt;built-in method get of dict object at 0x00000292540CCB80&gt; = {}.get
E    +      where {} = &lt;built-in method get of dict object at 0x0000029253F3B840&gt;('config', {})
E    +        where &lt;built-in method get of dict object at 0x0000029253F3B840&gt; = {'run_id': '7c5be0f3-7a00-4836-b047-70f06921f83d', 'strategy': 'TestStrategy', 'original_strategy': 'TestStrategy', 'original_strategy_hash': '0e58e6c4b2a2d1ec527085468564a8179a0869c0cb28b11f40808669c34322d3', ...}.get</failure></testcase><testcase classname="tests.auto_quant.test_pipeline_execution.TestPipelineConfiguration" name="test_pipeline_wfo_toggle[True]" time="0.027"><failure message="AssertionError: assert None == True&#10; +  where None = &lt;built-in method get of dict object at 0x00000292540D43C0&gt;('wfo_enabled')&#10; +    where &lt;built-in method get of dict object at 0x00000292540D43C0&gt; = {}.get&#10; +      where {} = &lt;built-in method get of dict object at 0x00000292540A5A80&gt;('config', {})&#10; +        where &lt;built-in method get of dict object at 0x00000292540A5A80&gt; = {'run_id': '032dfa36-8f5d-497a-8c6d-ceb16352321f', 'strategy': 'TestStrategy', 'original_strategy': 'TestStrategy', 'original_strategy_hash': '0e58e6c4b2a2d1ec527085468564a8179a0869c0cb28b11f40808669c34322d3', ...}.get">tests\auto_quant\test_pipeline_execution.py:255: in test_pipeline_wfo_toggle
    assert status.get("config", {}).get("wfo_enabled") == wfo_enabled
E   AssertionError: assert None == True
E    +  where None = &lt;built-in method get of dict object at 0x00000292540D43C0&gt;('wfo_enabled')
E    +    where &lt;built-in method get of dict object at 0x00000292540D43C0&gt; = {}.get
E    +      where {} = &lt;built-in method get of dict object at 0x00000292540A5A80&gt;('config', {})
E    +        where &lt;built-in method get of dict object at 0x00000292540A5A80&gt; = {'run_id': '032dfa36-8f5d-497a-8c6d-ceb16352321f', 'strategy': 'TestStrategy', 'original_strategy': 'TestStrategy', 'original_strategy_hash': '0e58e6c4b2a2d1ec527085468564a8179a0869c0cb28b11f40808669c34322d3', ...}.get</failure></testcase><testcase classname="tests.auto_quant.test_pipeline_execution.TestPipelineConfiguration" name="test_pipeline_wfo_toggle[False]" time="0.027"><failure message="AssertionError: assert None == False&#10; +  where None = &lt;built-in method get of dict object at 0x0000029253ED0BC0&gt;('wfo_enabled')&#10; +    where &lt;built-in method get of dict object at 0x0000029253ED0BC0&gt; = {}.get&#10; +      where {} = &lt;built-in method get of dict object at 0x0000029253E87C40&gt;('config', {})&#10; +        where &lt;built-in method get of dict object at 0x0000029253E87C40&gt; = {'run_id': 'cd81fc02-1ba0-4cfe-a065-6b45cc5ce5ec', 'strategy': 'TestStrategy', 'original_strategy': 'TestStrategy', 'original_strategy_hash': '0e58e6c4b2a2d1ec527085468564a8179a0869c0cb28b11f40808669c34322d3', ...}.get">tests\auto_quant\test_pipeline_execution.py:255: in test_pipeline_wfo_toggle
    assert status.get("config", {}).get("wfo_enabled") == wfo_enabled
E   AssertionError: assert None == False
E    +  where None = &lt;built-in method get of dict object at 0x0000029253ED0BC0&gt;('wfo_enabled')
E    +    where &lt;built-in method get of dict object at 0x0000029253ED0BC0&gt; = {}.get
E    +      where {} = &lt;built-in method get of dict object at 0x0000029253E87C40&gt;('config', {})
E    +        where &lt;built-in method get of dict object at 0x0000029253E87C40&gt; = {'run_id': 'cd81fc02-1ba0-4cfe-a065-6b45cc5ce5ec', 'strategy': 'TestStrategy', 'original_strategy': 'TestStrategy', 'original_strategy_hash': '0e58e6c4b2a2d1ec527085468564a8179a0869c0cb28b11f40808669c34322d3', ...}.get</failure></testcase><testcase classname="tests.auto_quant.test_pipeline_execution.TestPipelineConfiguration" name="test_pipeline_ensemble_toggle[True]" time="0.027"><failure message="AssertionError: assert None == True&#10; +  where None = &lt;built-in method get of dict object at 0x0000029253DBEF40&gt;('ensemble_enabled')&#10; +    where &lt;built-in method get of dict object at 0x0000029253DBEF40&gt; = {}.get&#10; +      where {} = &lt;built-in method get of dict object at 0x0000029253D0F1C0&gt;('config', {})&#10; +        where &lt;built-in method get of dict object at 0x0000029253D0F1C0&gt; = {'run_id': '4d637182-b384-408e-b943-55cfbb5d2946', 'strategy': 'TestStrategy', 'original_strategy': 'TestStrategy', 'original_strategy_hash': '0e58e6c4b2a2d1ec527085468564a8179a0869c0cb28b11f40808669c34322d3', ...}.get">tests\auto_quant\test_pipeline_execution.py:276: in test_pipeline_ensemble_toggle
    assert status.get("config", {}).get("ensemble_enabled") == ensemble_enabled
E   AssertionError: assert None == True
E    +  where None = &lt;built-in method get of dict object at 0x0000029253DBEF40&gt;('ensemble_enabled')
E    +    where &lt;built-in method get of dict object at 0x0000029253DBEF40&gt; = {}.get
E    +      where {} = &lt;built-in method get of dict object at 0x0000029253D0F1C0&gt;('config', {})
E    +        where &lt;built-in method get of dict object at 0x0000029253D0F1C0&gt; = {'run_id': '4d637182-b384-408e-b943-55cfbb5d2946', 'strategy': 'TestStrategy', 'original_strategy': 'TestStrategy', 'original_strategy_hash': '0e58e6c4b2a2d1ec527085468564a8179a0869c0cb28b11f40808669c34322d3', ...}.get</failure></testcase><testcase classname="tests.auto_quant.test_pipeline_execution.TestPipelineConfiguration" name="test_pipeline_ensemble_toggle[False]" time="0.027"><failure message="AssertionError: assert None == False&#10; +  where None = &lt;built-in method get of dict object at 0x0000029253C14E00&gt;('ensemble_enabled')&#10; +    where &lt;built-in method get of dict object at 0x0000029253C14E00&gt; = {}.get&#10; +      where {} = &lt;built-in method get of dict object at 0x0000029253C30540&gt;('config', {})&#10; +        where &lt;built-in method get of dict object at 0x0000029253C30540&gt; = {'run_id': '34b2e5b2-33da-40ed-af96-ef6453bd6dd2', 'strategy': 'TestStrategy', 'original_strategy': 'TestStrategy', 'original_strategy_hash': '0e58e6c4b2a2d1ec527085468564a8179a0869c0cb28b11f40808669c34322d3', ...}.get">tests\auto_quant\test_pipeline_execution.py:276: in test_pipeline_ensemble_toggle
    assert status.get("config", {}).get("ensemble_enabled") == ensemble_enabled
E   AssertionError: assert None == False
E    +  where None = &lt;built-in method get of dict object at 0x0000029253C14E00&gt;('ensemble_enabled')
E    +    where &lt;built-in method get of dict object at 0x0000029253C14E00&gt; = {}.get
E    +      where {} = &lt;built-in method get of dict object at 0x0000029253C30540&gt;('config', {})
E    +        where &lt;built-in method get of dict object at 0x0000029253C30540&gt; = {'run_id': '34b2e5b2-33da-40ed-af96-ef6453bd6dd2', 'strategy': 'TestStrategy', 'original_strategy': 'TestStrategy', 'original_strategy_hash': '0e58e6c4b2a2d1ec527085468564a8179a0869c0cb28b11f40808669c34322d3', ...}.get</failure></testcase><testcase classname="tests.auto_quant.test_pipeline_execution.TestPipelineProgress" name="test_progress_updates" time="0.027" /><testcase classname="tests.auto_quant.test_pipeline_execution.TestPipelineProgress" name="test_stage_in_status" time="0.026" /><testcase classname="tests.auto_quant.test_pipeline_validation.TestLoggingArchitecture" name="test_logger_exists_with_correct_name" time="0.000" /><testcase classname="tests.auto_quant.test_pipeline_validation.TestLoggingArchitecture" name="test_logger_level_is_debug" time="0.000" /><testcase classname="tests.auto_quant.test_pipeline_validation.TestLoggingArchitecture" name="test_logger_has_stream_handler" time="0.000" /><testcase classname="tests.auto_quant.test_pipeline_validation.TestLoggingArchitecture" name="test_logger_has_ws_queue_handler" time="0.000" /><testcase classname="tests.auto_quant.test_pipeline_validation.TestLoggingArchitecture" name="test_rlog_emits_to_python_logger" time="0.004" /><testcase classname="tests.auto_quant.test_pipeline_validation.TestLoggingArchitecture" name="test_rlog_pushes_to_ws_queue" time="0.004"><failure message="asyncio.queues.QueueEmpty">tests\auto_quant\test_pipeline_validation.py:257: in test_rlog_pushes_to_ws_queue
    msg = q.get_nowait()
          ^^^^^^^^^^^^^^
C:\Users\M4tie\AppData\Roaming\uv\python\cpython-3.11-windows-x86_64-none\Lib\asyncio\queues.py:181: in get_nowait
    raise QueueEmpty
E   asyncio.queues.QueueEmpty</failure></testcase><testcase classname="tests.auto_quant.test_pipeline_validation.TestLoggingArchitecture" name="test_rlog_exc_info_captures_traceback" time="0.005" /><testcase classname="tests.auto_quant.test_pipeline_validation.TestLoggingArchitecture" name="test_fail_stage_logs_at_error" time="0.005" /><testcase classname="tests.auto_quant.test_pipeline_validation.TestLoggingArchitecture" name="test_pass_stage_logs_at_info" time="0.006" /><testcase classname="tests.auto_quant.test_pipeline_validation.TestE2EHappyPath" name="test_full_pipeline_completes" time="0.007"><failure message="AttributeError: &lt;module 'backend.services.auto_quant.pipeline_modules.stages_validation' from 'L:\\M4tie\\Documents\\AeRoing4\\backend\\services\\auto_quant\\pipeline_modules\\stages_validation.py'&gt; does not have the attribute '_stage_data_healing'">tests\auto_quant\test_pipeline_validation.py:366: in test_full_pipeline_completes
    with (
C:\Users\M4tie\AppData\Roaming\uv\python\cpython-3.11-windows-x86_64-none\Lib\unittest\mock.py:1446: in __enter__
    original, local = self.get_original()
                      ^^^^^^^^^^^^^^^^^^^
C:\Users\M4tie\AppData\Roaming\uv\python\cpython-3.11-windows-x86_64-none\Lib\unittest\mock.py:1419: in get_original
    raise AttributeError(
E   AttributeError: &lt;module 'backend.services.auto_quant.pipeline_modules.stages_validation' from 'L:\\M4tie\\Documents\\AeRoing4\\backend\\services\\auto_quant\\pipeline_modules\\stages_validation.py'&gt; does not have the attribute '_stage_data_healing'</failure></testcase><testcase classname="tests.auto_quant.test_pipeline_validation.TestFailureInjection" name="test_stage4_overfit_failure" time="0.007"><failure message="AttributeError: &lt;module 'backend.services.auto_quant.pipeline_modules.stages_validation' from 'L:\\M4tie\\Documents\\AeRoing4\\backend\\services\\auto_quant\\pipeline_modules\\stages_validation.py'&gt; does not have the attribute '_stage_data_healing'">tests\auto_quant\test_pipeline_validation.py:491: in test_stage4_overfit_failure
    with (
C:\Users\M4tie\AppData\Roaming\uv\python\cpython-3.11-windows-x86_64-none\Lib\unittest\mock.py:1446: in __enter__
    original, local = self.get_original()
                      ^^^^^^^^^^^^^^^^^^^
C:\Users\M4tie\AppData\Roaming\uv\python\cpython-3.11-windows-x86_64-none\Lib\unittest\mock.py:1419: in get_original
    raise AttributeError(
E   AttributeError: &lt;module 'backend.services.auto_quant.pipeline_modules.stages_validation' from 'L:\\M4tie\\Documents\\AeRoing4\\backend\\services\\auto_quant\\pipeline_modules\\stages_validation.py'&gt; does not have the attribute '_stage_data_healing'</failure></testcase><testcase classname="tests.auto_quant.test_pipeline_validation.TestFailureInjection" name="test_stage6_risk_failure" time="0.006"><failure message="AttributeError: &lt;module 'backend.services.auto_quant.pipeline_modules.stages_validation' from 'L:\\M4tie\\Documents\\AeRoing4\\backend\\services\\auto_quant\\pipeline_modules\\stages_validation.py'&gt; does not have the attribute '_stage_data_healing'">tests\auto_quant\test_pipeline_validation.py:586: in test_stage6_risk_failure
    with (
C:\Users\M4tie\AppData\Roaming\uv\python\cpython-3.11-windows-x86_64-none\Lib\unittest\mock.py:1446: in __enter__
    original, local = self.get_original()
                      ^^^^^^^^^^^^^^^^^^^
C:\Users\M4tie\AppData\Roaming\uv\python\cpython-3.11-windows-x86_64-none\Lib\unittest\mock.py:1419: in get_original
    raise AttributeError(
E   AttributeError: &lt;module 'backend.services.auto_quant.pipeline_modules.stages_validation' from 'L:\\M4tie\\Documents\\AeRoing4\\backend\\services\\auto_quant\\pipeline_modules\\stages_validation.py'&gt; does not have the attribute '_stage_data_healing'</failure></testcase><testcase classname="tests.auto_quant.test_pipeline_validation.TestFailureInjection" name="test_stage1_subprocess_failure" time="0.006"><failure message="AttributeError: &lt;module 'backend.services.auto_quant.pipeline_modules.stages_validation' from 'L:\\M4tie\\Documents\\AeRoing4\\backend\\services\\auto_quant\\pipeline_modules\\stages_validation.py'&gt; does not have the attribute '_stage_data_healing'">tests\auto_quant\test_pipeline_validation.py:661: in test_stage1_subprocess_failure
    with (
C:\Users\M4tie\AppData\Roaming\uv\python\cpython-3.11-windows-x86_64-none\Lib\unittest\mock.py:1446: in __enter__
    original, local = self.get_original()
                      ^^^^^^^^^^^^^^^^^^^
C:\Users\M4tie\AppData\Roaming\uv\python\cpython-3.11-windows-x86_64-none\Lib\unittest\mock.py:1419: in get_original
    raise AttributeError(
E   AttributeError: &lt;module 'backend.services.auto_quant.pipeline_modules.stages_validation' from 'L:\\M4tie\\Documents\\AeRoing4\\backend\\services\\auto_quant\\pipeline_modules\\stages_validation.py'&gt; does not have the attribute '_stage_data_healing'</failure></testcase><testcase classname="tests.auto_quant.test_pipeline_validation.TestWebSocketReconnect" name="test_state_snapshot_preserves_progress_across_reconnect" time="0.004" /><testcase classname="tests.auto_quant.test_pipeline_validation.TestWebSocketReconnect" name="test_new_ws_subscriber_receives_existing_queue_messages" time="0.004"><failure message="asyncio.queues.QueueEmpty">tests\auto_quant\test_pipeline_validation.py:753: in test_new_ws_subscriber_receives_existing_queue_messages
    msg1 = q1.get_nowait()
           ^^^^^^^^^^^^^^^
C:\Users\M4tie\AppData\Roaming\uv\python\cpython-3.11-windows-x86_64-none\Lib\asyncio\queues.py:181: in get_nowait
    raise QueueEmpty
E   asyncio.queues.QueueEmpty</failure></testcase><testcase classname="tests.auto_quant.test_pipeline_validation.TestWebSocketReconnect" name="test_state_snapshot_after_stage4_failure" time="0.004" /><testcase classname="tests.auto_quant.test_pipeline_validation.TestFileGeneratorAndDownloads" name="test_optimized_strategy_is_syntactically_valid_python" time="0.020"><failure message="assert 'AUTO-GENERATED by Auto-Quant Factory' in '\nclass TestStrategy_Optimized(IStrategy):\n    INTERFACE_VERSION = 3\n    minimal_roi = {\n    &quot;0&quot;: 0.1,\n    &quot;30&quot;: ...trend(self, df, metadata):\n        return df\n\n    def populate_exit_trend(self, df, metadata):\n        return df\n'">tests\auto_quant\test_pipeline_validation.py:828: in test_optimized_strategy_is_syntactically_valid_python
    assert "AUTO-GENERATED by Auto-Quant Factory" in source
E   assert 'AUTO-GENERATED by Auto-Quant Factory' in '\nclass TestStrategy_Optimized(IStrategy):\n    INTERFACE_VERSION = 3\n    minimal_roi = {\n    "0": 0.1,\n    "30": ...trend(self, df, metadata):\n        return df\n\n    def populate_exit_trend(self, df, metadata):\n        return df\n'</failure></testcase><testcase classname="tests.auto_quant.test_pipeline_validation.TestFileGeneratorAndDownloads" name="test_config_json_is_valid_json_with_required_keys" time="0.010"><failure message="AttributeError: module 'backend.services.auto_quant.pipeline_modules.stages_assessment' has no attribute '_stage_delivery'">tests\auto_quant\test_pipeline_validation.py:887: in test_config_json_is_valid_json_with_required_keys
    await pl._stage_delivery(
services\auto_quant\pipeline.py:263: in _stage_delivery
    await _assessment._stage_delivery(
          ^^^^^^^^^^^^^^^^^^^^^^^^^^^
E   AttributeError: module 'backend.services.auto_quant.pipeline_modules.stages_assessment' has no attribute '_stage_delivery'</failure></testcase><testcase classname="tests.auto_quant.test_pipeline_validation.TestFileGeneratorAndDownloads" name="test_report_json_is_valid_and_complete" time="0.010"><failure message="AttributeError: module 'backend.services.auto_quant.pipeline_modules.stages_assessment' has no attribute '_stage_delivery'">tests\auto_quant\test_pipeline_validation.py:943: in test_report_json_is_valid_and_complete
    await pl._stage_delivery(
services\auto_quant\pipeline.py:263: in _stage_delivery
    await _assessment._stage_delivery(
          ^^^^^^^^^^^^^^^^^^^^^^^^^^^
E   AttributeError: module 'backend.services.auto_quant.pipeline_modules.stages_assessment' has no attribute '_stage_delivery'</failure></testcase><testcase classname="tests.auto_quant.test_pipeline_validation.TestFileGeneratorAndDownloads" name="test_download_helper_resolves_py_file" time="0.010" /><testcase classname="tests.auto_quant.test_pipeline_validation.TestFileGeneratorAndDownloads" name="test_download_helper_resolves_config_json" time="0.009" /><testcase classname="tests.auto_quant.test_pipeline_validation.TestStatePersistence" name="test_state_written_to_disk_on_create" time="0.009" /><testcase classname="tests.auto_quant.test_pipeline_validation.TestStatePersistence" name="test_load_runs_from_disk_restores_completed_run" time="0.011" /><testcase classname="tests.auto_quant.test_pipeline_validation.TestStatePersistence" name="test_load_runs_marks_running_runs_as_interrupted" time="0.011"><failure message="AssertionError: Running run should be 'interrupted' after reload, got 'failed'&#10;assert 'failed' == 'interrupted'&#10;  &#10;  - interrupted&#10;  + failed">tests\auto_quant\test_pipeline_validation.py:1108: in test_load_runs_marks_running_runs_as_interrupted
    assert restored.status == "interrupted", \
E   AssertionError: Running run should be 'interrupted' after reload, got 'failed'
E   assert 'failed' == 'interrupted'
E     
E     - interrupted
E     + failed</failure></testcase><testcase classname="tests.auto_quant.test_pipeline_validation.TestSubprocessErrorClassifier" name="test_no_data_found_message" time="0.000" /><testcase classname="tests.auto_quant.test_pipeline_validation.TestSubprocessErrorClassifier" name="test_no_history_without_terminating_line" time="0.000" /><testcase classname="tests.auto_quant.test_pipeline_validation.TestSubprocessErrorClassifier" name="test_import_error_detected" time="0.000" /><testcase classname="tests.auto_quant.test_pipeline_validation.TestSubprocessErrorClassifier" name="test_generic_fallback_includes_tail" time="0.000"><failure message="AssertionError: Generic fallback must include the last output line&#10;assert 'final error line' in 'Stage 1 (Sanity Backtest) failed (exit 1). Check the logs for details.'">tests\auto_quant\test_pipeline_validation.py:1172: in test_generic_fallback_includes_tail
    assert "final error line" in msg, \
E   AssertionError: Generic fallback must include the last output line
E   assert 'final error line' in 'Stage 1 (Sanity Backtest) failed (exit 1). Check the logs for details.'</failure></testcase><testcase classname="tests.auto_quant.test_pipeline_validation.TestSubprocessErrorClassifier" name="test_stage1_no_data_error_message_is_actionable" time="0.007"><failure message="AttributeError: &lt;module 'backend.services.auto_quant.pipeline_modules.stages_validation' from 'L:\\M4tie\\Documents\\AeRoing4\\backend\\services\\auto_quant\\pipeline_modules\\stages_validation.py'&gt; does not have the attribute '_stage_data_healing'">tests\auto_quant\test_pipeline_validation.py:1202: in test_stage1_no_data_error_message_is_actionable
    with (
C:\Users\M4tie\AppData\Roaming\uv\python\cpython-3.11-windows-x86_64-none\Lib\unittest\mock.py:1446: in __enter__
    original, local = self.get_original()
                      ^^^^^^^^^^^^^^^^^^^
C:\Users\M4tie\AppData\Roaming\uv\python\cpython-3.11-windows-x86_64-none\Lib\unittest\mock.py:1419: in get_original
    raise AttributeError(
E   AttributeError: &lt;module 'backend.services.auto_quant.pipeline_modules.stages_validation' from 'L:\\M4tie\\Documents\\AeRoing4\\backend\\services\\auto_quant\\pipeline_modules\\stages_validation.py'&gt; does not have the attribute '_stage_data_healing'</failure></testcase><testcase classname="tests.auto_quant.test_policy_enforcement" name="test_no_hardcoded_thresholds_in_stages" time="0.006" /><testcase classname="tests.auto_quant.test_policy_enforcement" name="test_policy_helpers_used_for_thresholds" time="0.001"><failure message="Failed: stages_validation.py does not import from policy module">tests\auto_quant\test_policy_enforcement.py:131: in test_policy_helpers_used_for_thresholds
    pytest.fail(f"{stage_file} does not import from policy module")
E   Failed: stages_validation.py does not import from policy module</failure></testcase><testcase classname="tests.auto_quant.test_policy_enforcement" name="test_no_magic_numbers_for_timeframes" time="0.002" /><testcase classname="tests.auto_quant.test_policy_enforcement" name="test_policy_module_exists_and_is_complete" time="0.000" /><testcase classname="tests.auto_quant.test_router_lifecycle.TestStartEndpoint" name="test_start_valid_config" time="0.027" /><testcase classname="tests.auto_quant.test_router_lifecycle.TestStartEndpoint" name="test_start_missing_strategy" time="0.017" /><testcase classname="tests.auto_quant.test_router_lifecycle.TestStartEndpoint" name="test_start_nonexistent_strategy" time="0.018" /><testcase classname="tests.auto_quant.test_router_lifecycle.TestStartEndpoint" name="test_start_various_timeframes[5m]" time="0.074" /><testcase classname="tests.auto_quant.test_router_lifecycle.TestStartEndpoint" name="test_start_various_timeframes[1h]" time="0.027" /><testcase classname="tests.auto_quant.test_router_lifecycle.TestStartEndpoint" name="test_start_various_timeframes[4h]" time="0.026" /><testcase classname="tests.auto_quant.test_router_lifecycle.TestStatusEndpoint" name="test_status_unknown_run" time="0.017" /><testcase classname="tests.auto_quant.test_router_lifecycle.TestStatusEndpoint" name="test_status_after_start" time="0.028" /><testcase classname="tests.auto_quant.test_router_lifecycle.TestCancelEndpoint" name="test_cancel_unknown_run" time="0.018" /><testcase classname="tests.auto_quant.test_router_lifecycle.TestCancelEndpoint" name="test_cancel_active_run" time="0.028" /><testcase classname="tests.auto_quant.test_router_lifecycle.TestCancelEndpoint" name="test_cancel_twice" time="0.030" /><testcase classname="tests.auto_quant.test_router_lifecycle.TestReportEndpoint" name="test_report_unknown_run" time="0.016" /><testcase classname="tests.auto_quant.test_router_lifecycle.TestReportEndpoint" name="test_report_json_format" time="0.028" /><testcase classname="tests.auto_quant.test_router_lifecycle.TestRunsEndpoint" name="test_runs_empty" time="0.018" /><testcase classname="tests.auto_quant.test_router_lifecycle.TestRunsEndpoint" name="test_runs_after_start" time="0.029" /><testcase classname="tests.auto_quant.test_router_lifecycle.TestOptionsEndpoint" name="test_options_get" time="0.017" /><testcase classname="tests.auto_quant.test_router_lifecycle.TestOptionsEndpoint" name="test_options_post" time="0.018" /><testcase classname="tests.auto_quant.test_smoke" name="test_backend_api_responsive" time="0.017" /><testcase classname="tests.auto_quant.test_smoke" name="test_test_strategy_exists" time="0.018" /><testcase classname="tests.auto_quant.test_smoke" name="test_default_config_valid" time="0.021" /><testcase classname="tests.auto_quant.test_smoke" name="test_websocket_endpoint_registered" time="0.017" /><testcase classname="tests.auto_quant.test_smoke" name="test_backend_imports_no_errors" time="0.000" /><testcase classname="tests.auto_quant.test_smoke" name="test_endpoints_reachable[/api/auto-quant/runs]" time="0.018" /><testcase classname="tests.auto_quant.test_smoke" name="test_endpoints_reachable[/api/auto-quant/options]" time="0.017" /><testcase classname="tests.auto_quant.test_strategy_immutability" name="test_original_strategy_hash_stored" time="0.009"><failure message="AssertionError: assert '07a19786ac47...cb64326b31bd1' == 'b2d3045e3eb2...ab9da01d5fd50'&#10;  &#10;  - b2d3045e3eb2cf83e0c94a9cacceb1994c8a46324956327425eab9da01d5fd50&#10;  + 07a19786ac47f460790f55edb8d0be8d8733fe8c9c715e52d12cb64326b31bd1">tests\auto_quant\test_strategy_immutability.py:47: in test_original_strategy_hash_stored
    assert mock_state.original_strategy_hash == expected_hash
E   AssertionError: assert '07a19786ac47...cb64326b31bd1' == 'b2d3045e3eb2...ab9da01d5fd50'
E     
E     - b2d3045e3eb2cf83e0c94a9cacceb1994c8a46324956327425eab9da01d5fd50
E     + 07a19786ac47f460790f55edb8d0be8d8733fe8c9c715e52d12cb64326b31bd1</failure></testcase><testcase classname="tests.auto_quant.test_strategy_immutability" name="test_original_strategy_file_not_modified" time="0.003" /><testcase classname="tests.auto_quant.test_strategy_immutability" name="test_variants_written_to_run_local_dir" time="0.003" /><testcase classname="tests.auto_quant.test_strategy_immutability" name="test_variant_versioning" time="0.004" /><testcase classname="tests.auto_quant.test_strategy_immutability" name="test_working_copy_isolated_from_original" time="0.008"><failure message="AssertionError: assert '87192f4045cf...63acf3d87c36a' == '234c775d06f4...314f8f89ea039'&#10;  &#10;  - 234c775d06f47726f01eafa7821c50d037006ab565f879617e2314f8f89ea039&#10;  + 87192f4045cf1d48161e5820b409358215669993b75d81e4fdf63acf3d87c36a">tests\auto_quant\test_strategy_immutability.py:184: in test_working_copy_isolated_from_original
    assert mock_state.original_strategy_hash == original_hash
E   AssertionError: assert '87192f4045cf...63acf3d87c36a' == '234c775d06f4...314f8f89ea039'
E     
E     - 234c775d06f47726f01eafa7821c50d037006ab565f879617e2314f8f89ea039
E     + 87192f4045cf1d48161e5820b409358215669993b75d81e4fdf63acf3d87c36a</failure></testcase><testcase classname="tests.auto_quant.test_versioned_artifacts" name="test_write_versioned_json_creates_versioned_files" time="0.008" /><testcase classname="tests.auto_quant.test_versioned_artifacts" name="test_write_versioned_json_without_legacy" time="0.002" /><testcase classname="tests.auto_quant.test_versioned_artifacts" name="test_write_versioned_json_overwrites_latest" time="0.015" /><testcase classname="tests.auto_quant.test_versioned_artifacts" name="test_versioned_files_have_correct_naming" time="0.006" /><testcase classname="tests.auto_quant.test_versioned_artifacts" name="test_artifacts_dict_returned" time="0.003" /><testcase classname="tests.auto_quant.test_websocket_streaming.TestWebSocketMessageValidation" name="test_validate_snapshot_message" time="0.000" /><testcase classname="tests.auto_quant.test_websocket_streaming.TestWebSocketMessageValidation" name="test_validate_stage_message" time="0.000" /><testcase classname="tests.auto_quant.test_websocket_streaming.TestWebSocketMessageValidation" name="test_validate_keepalive_message" time="0.000" /><testcase classname="tests.auto_quant.test_websocket_streaming.TestWebSocketMessageValidation" name="test_validate_final_message" time="0.000" /><testcase classname="tests.auto_quant.test_websocket_streaming.TestWebSocketMessageValidation" name="test_message_missing_type_field" time="0.000" /><testcase classname="tests.auto_quant.test_websocket_streaming.TestWebSocketMessageValidation" name="test_message_invalid_type" time="0.000" /><testcase classname="tests.auto_quant.test_websocket_streaming.TestWebSocketMessageValidation" name="test_stage_message_missing_required_fields" time="0.000" /><testcase classname="tests.auto_quant.test_websocket_streaming.TestWebSocketProgressValidation" name="test_progress_zero" time="0.000" /><testcase classname="tests.auto_quant.test_websocket_streaming.TestWebSocketProgressValidation" name="test_progress_100" time="0.000" /><testcase classname="tests.auto_quant.test_websocket_streaming.TestWebSocketProgressValidation" name="test_progress_mid_range" time="0.000" /><testcase classname="tests.auto_quant.test_websocket_streaming.TestWebSocketProgressValidation" name="test_progress_invalid_negative" time="0.000" /><testcase classname="tests.auto_quant.test_websocket_streaming.TestWebSocketProgressValidation" name="test_progress_invalid_over_100" time="0.000" /><testcase classname="tests.auto_quant.test_websocket_streaming.TestWebSocketProgressValidation" name="test_progress_not_integer" time="0.000" /><testcase classname="tests.auto_quant.test_websocket_streaming.TestWebSocketStageValidation" name="test_stage_zero" time="0.000" /><testcase classname="tests.auto_quant.test_websocket_streaming.TestWebSocketStageValidation" name="test_stage_one_through_seven" time="0.000" /><testcase classname="tests.auto_quant.test_websocket_streaming.TestWebSocketStageValidation" name="test_stage_invalid_negative" time="0.000" /><testcase classname="tests.auto_quant.test_websocket_streaming.TestWebSocketStageValidation" name="test_stage_invalid_over_seven" time="0.000" /><testcase classname="tests.auto_quant.test_websocket_streaming.TestWebSocketMessageTypes" name="test_snapshot_has_all_fields" time="0.000" /><testcase classname="tests.auto_quant.test_websocket_streaming.TestWebSocketMessageTypes" name="test_stage_has_all_fields" time="0.000" /><testcase classname="tests.auto_quant.test_websocket_streaming.TestWebSocketMessageTypes" name="test_keepalive_minimal_fields" time="0.000" /><testcase classname="tests.auto_quant.test_websocket_streaming.TestWebSocketMessageTypes" name="test_final_has_all_fields" time="0.000" /><testcase classname="tests.auto_quant.test_websocket_streaming.TestWebSocketDataField" name="test_data_field_is_dict" time="0.000" /><testcase classname="tests.auto_quant.test_websocket_streaming.TestWebSocketDataField" name="test_data_contains_run_id" time="0.000" /><testcase classname="tests.auto_quant.test_websocket_streaming.TestWebSocketDataField" name="test_snapshot_data_contains_stages" time="0.000" /><testcase classname="tests.auto_quant.test_websocket_streaming.TestWebSocketStatusValues" name="test_snapshot_status_pending" time="0.000" /><testcase classname="tests.auto_quant.test_websocket_streaming.TestWebSocketStatusValues" name="test_stage_status_running" time="0.000" /><testcase classname="tests.auto_quant.test_websocket_streaming.TestWebSocketStatusValues" name="test_stage_status_passed" time="0.000" /><testcase classname="tests.auto_quant.test_websocket_streaming.TestWebSocketStatusValues" name="test_final_status_completed" time="0.000" /><testcase classname="tests.auto_quant.test_websocket_streaming.TestWebSocketStatusValues" name="test_final_status_failed" time="0.000" /><testcase classname="tests.auto_quant.test_websocket_streaming.TestWebSocketStatusValues" name="test_final_status_cancelled" time="0.000" /><testcase classname="tests.auto_quant.test_websocket_streaming.TestWebSocketMessageSequence" name="test_message_sequence_happy_path" time="0.000" /><testcase classname="tests.auto_quant.test_websocket_streaming.TestWebSocketMessageSequence" name="test_snapshot_first" time="0.000" /><testcase classname="tests.auto_quant.test_websocket_streaming.TestWebSocketMessageSequence" name="test_keepalive_anytime" time="0.000" /><testcase classname="tests.auto_quant.test_websocket_streaming.TestWebSocketMessageSequence" name="test_final_last" time="0.000" /><testcase classname="tests.candidate.test_models" name="test_candidate_config_construction" time="0.001" /><testcase classname="tests.candidate.test_models" name="test_candidate_config_defaults" time="0.000" /><testcase classname="tests.candidate.test_models" name="test_candidate_gate_result_construction" time="0.000" /><testcase classname="tests.candidate.test_models" name="test_candidate_gate_result_failed" time="0.000" /><testcase classname="tests.candidate.test_models" name="test_repair_attempt_construction" time="0.000" /><testcase classname="tests.candidate.test_models" name="test_repair_attempt_defaults" time="0.000" /><testcase classname="tests.candidate.test_models" name="test_candidate_verdict_construction" time="0.000" /><testcase classname="tests.candidate.test_models" name="test_candidate_verdict_with_gate_results" time="0.000" /><testcase classname="tests.candidate.test_models" name="test_candidate_verdict_serialization" time="0.000" /><testcase classname="tests.candidate.test_orchestrator_basic" name="test_happy_path_all_gates_pass" time="0.002" /><testcase classname="tests.candidate.test_orchestrator_basic" name="test_progress_sink_updates_gate_snapshots" time="0.003" /><testcase classname="tests.candidate.test_orchestrator_basic" name="test_render_failure_early_exit" time="0.001" /><testcase classname="tests.candidate.test_orchestrator_basic" name="test_save_failure_early_exit" time="0.001" /><testcase classname="tests.candidate.test_orchestrator_basic" name="test_data_quality_failure_early_exit" time="0.001" /><testcase classname="tests.candidate.test_orchestrator_data_quality" name="test_data_quality_insufficient_history_downloads_and_retries_before_backtest" time="0.001" /><testcase classname="tests.candidate.test_orchestrator_data_quality" name="test_data_quality_start_gap_download_uses_prepend" time="0.002" /><testcase classname="tests.candidate.test_orchestrator_data_quality" name="test_data_download_failure_stops_before_backtest" time="0.001" /><testcase classname="tests.candidate.test_orchestrator_portfolio" name="test_injected_deps_prevent_real_calls" time="0.002" /><testcase classname="tests.candidate.test_orchestrator_portfolio" name="test_portfolio_backtest_failed_fails" time="0.002" /><testcase classname="tests.candidate.test_orchestrator_portfolio" name="test_pair_sweep_no_passed_pairs_fails" time="0.002" /><testcase classname="tests.candidate.test_orchestrator_portfolio" name="test_final_pair_decision_rejected_fails" time="0.002" /><testcase classname="tests.candidate.test_orchestrator_repair" name="test_backtest_fail_triggers_failure_analyzer" time="0.001" /><testcase classname="tests.candidate.test_orchestrator_repair" name="test_repair_plan_can_repair_true_recorded_not_executed" time="0.001" /><testcase classname="tests.candidate.test_orchestrator_repair" name="test_repair_plan_can_repair_false_final_failure" time="0.001" /><testcase classname="tests.candidate.test_orchestrator_repair" name="test_repair_loop_success_proceeds_to_pair_workflow" time="0.004" /><testcase classname="tests.candidate.test_orchestrator_repair" name="test_repair_loop_missing_ollama_client" time="0.002" /><testcase classname="tests.candidate.test_orchestrator_repair" name="test_repair_loop_ai_returns_none" time="0.002" /><testcase classname="tests.candidate.test_orchestrator_repair" name="test_repair_loop_max_iterations_exhausted" time="0.003" /><testcase classname="tests.candidate.test_orchestrator_repair" name="test_repair_not_allowed_fallback" time="0.002" /><testcase classname="tests.test_aeroing4_bias_check" name="test_bias_parser_lookahead_stdout_bias" time="0.000" /><testcase classname="tests.test_aeroing4_bias_check" name="test_bias_parser_lookahead_stdout_clean" time="0.000" /><testcase classname="tests.test_aeroing4_bias_check" name="test_bias_parser_lookahead_stdout_malformed" time="0.000" /><testcase classname="tests.test_aeroing4_bias_check" name="test_bias_parser_lookahead_stdout_empty" time="0.000" /><testcase classname="tests.test_aeroing4_bias_check" name="test_bias_parser_recursive_stdout_bias" time="0.000" /><testcase classname="tests.test_aeroing4_bias_check" name="test_bias_parser_recursive_stdout_clean" time="0.000" /><testcase classname="tests.test_aeroing4_bias_check" name="test_bias_parser_recursive_stdout_malformed" time="0.000" /><testcase classname="tests.test_aeroing4_bias_check" name="test_bias_parser_recursive_stdout_empty" time="0.000" /><testcase classname="tests.test_aeroing4_bias_check" name="test_bias_check_step_execution_failure" time="0.003" /><testcase classname="tests.test_aeroing4_bias_check" name="test_bias_check_step_fatal_lookahead" time="0.002" /><testcase classname="tests.test_aeroing4_bias_check" name="test_bias_check_step_pass" time="0.002" /><testcase classname="tests.test_aeroing4_data_preparation.TestDataPreparationStep" name="test_data_already_available" time="0.002" /><testcase classname="tests.test_aeroing4_data_preparation.TestDataPreparationStep" name="test_missing_data_downloads_successfully" time="0.002" /><testcase classname="tests.test_aeroing4_data_preparation.TestDataPreparationStep" name="test_download_failure" time="0.002" /><testcase classname="tests.test_aeroing4_data_preparation.TestDataPreparationStep" name="test_incomplete_coverage_after_download" time="0.002" /><testcase classname="tests.test_aeroing4_data_preparation.TestDataPreparationStep" name="test_exception_handling" time="0.001" /><testcase classname="tests.test_aeroing4_data_preparation.TestDataPreparationStep" name="test_multiple_pairs_mixed_readiness" time="0.002" /><testcase classname="tests.test_aeroing4_integration.TestAeRoing4Integration" name="test_real_strategy_validation_boundary" time="0.135" /><testcase classname="tests.test_aeroing4_integration.TestAeRoing4Integration" name="test_real_data_preparation_boundary" time="0.184" /><testcase classname="tests.test_aeroing4_integration.TestAeRoing4Integration" name="test_real_smoke_backtest_boundary" time="0.555" /><testcase classname="tests.test_aeroing4_integration.TestAeRoing4Integration" name="test_end_to_end_workflow" time="0.139" /><testcase classname="tests.test_aeroing4_integration.TestAeRoing4Integration" name="test_api_verification" time="0.000"><skipped type="pytest.skip" message="API test requires more complex FastAPI app state setup">L:\M4tie\Documents\AeRoing4\backend\tests\test_aeroing4_integration.py:275: API test requires more complex FastAPI app state setup</skipped></testcase><testcase classname="tests.test_aeroing4_metrics_adapters.TestFromParsedSummary" name="test_all_available" time="0.000" /><testcase classname="tests.test_aeroing4_metrics_adapters.TestFromParsedSummary" name="test_all_unavailable" time="0.000" /><testcase classname="tests.test_aeroing4_metrics_adapters.TestFromParsedSummary" name="test_partial_availability" time="0.000" /><testcase classname="tests.test_aeroing4_metrics_adapters.TestFromParsedSummary" name="test_bootstrap_sharpe_unavailable_without_trades" time="0.000" /><testcase classname="tests.test_aeroing4_metrics_adapters.TestFromParsedSummary" name="test_provenance_stamped" time="0.000" /><testcase classname="tests.test_aeroing4_metrics_adapters.TestFromParsedSummary" name="test_serialization_round_trip_preserves_null_and_availability" time="0.000" /><testcase classname="tests.test_aeroing4_metrics_adapters.TestFromParsedSummaryWithTrades" name="test_derives_bootstrap_sharpe_from_object_trades" time="0.028" /><testcase classname="tests.test_aeroing4_metrics_adapters.TestFromParsedSummaryWithTrades" name="test_derives_bootstrap_sharpe_from_dict_trades" time="0.029" /><testcase classname="tests.test_aer
[...]
est_strategy_spec_registry" name="test_iteration_fields_ignored_for_dedup" time="0.000" /><testcase classname="tests.test_strategy_spec_registry" name="test_changed_spec_different_hash" time="0.000" /><testcase classname="tests.test_strategy_spec_registry" name="test_missing_registry_file" time="0.002" /><testcase classname="tests.test_strategy_spec_registry" name="test_corrupted_registry_file" time="0.006" /><testcase classname="tests.test_strategy_spec_registry" name="test_save_and_reload" time="0.008" /><testcase classname="tests.test_strategy_spec_registry" name="test_invalid_registry_structure" time="0.006" /><testcase classname="tests.test_strategy_spec_registry" name="test_empty_registry_loads_safely" time="0.002" /><testcase classname="tests.test_strategy_spec_registry" name="test_record_spec_without_hashes_key" time="0.000" /><testcase classname="tests.test_strategy_validation_service" name="test_extract_class_name_valid" time="0.000" /><testcase classname="tests.test_strategy_validation_service" name="test_extract_class_name_with_inheritance" time="0.000" /><testcase classname="tests.test_strategy_validation_service" name="test_extract_class_name_no_class" time="0.000" /><testcase classname="tests.test_strategy_validation_service" name="test_extract_class_name_multiple_classes" time="0.000" /><testcase classname="tests.test_strategy_validation_service" name="test_run_py_validate_syntax_error" time="0.008" /><testcase classname="tests.test_strategy_validation_service" name="test_run_py_validate_valid_python_no_class" time="0.009" /><testcase classname="tests.test_strategy_validation_service" name="test_run_py_validate_valid_python_with_class" time="0.005" /><testcase classname="tests.test_subprocess.TestSubprocessErrorClassifier" name="test_no_data_found_message_includes_hint" time="0.000" /><testcase classname="tests.test_subprocess.TestSubprocessErrorClassifier" name="test_import_error_message_mentions_import" time="0.000" /><testcase classname="tests.test_subprocess.TestSubprocessErrorClassifier" name="test_generic_fallback_includes_exit_code" time="0.000" /><testcase classname="tests.test_subprocess.TestSubprocessErrorClassifier" name="test_strategy_class_not_found" time="0.001"><failure message="AssertionError: assert ('class' in 'stage 1 failed (exit 2). check the logs for details.' or 'strategy' in 'stage 1 failed (exit 2). check the logs for details.' or 'resolved' in 'stage 1 failed (exit 2). check the logs for details.')&#10; +  where 'stage 1 failed (exit 2). check the logs for details.' = &lt;built-in method lower of str object at 0x000002925536A560&gt;()&#10; +    where &lt;built-in method lower of str object at 0x000002925536A560&gt; = 'Stage 1 failed (exit 2). Check the logs for details.'.lower&#10; +  and   'stage 1 failed (exit 2). check the logs for details.' = &lt;built-in method lower of str object at 0x000002925536A560&gt;()&#10; +    where &lt;built-in method lower of str object at 0x000002925536A560&gt; = 'Stage 1 failed (exit 2). Check the logs for details.'.lower&#10; +  and   'stage 1 failed (exit 2). check the logs for details.' = &lt;built-in method lower of str object at 0x000002925536A560&gt;()&#10; +    where &lt;built-in method lower of str object at 0x000002925536A560&gt; = 'Stage 1 failed (exit 2). Check the logs for details.'.lower">tests\test_subprocess.py:39: in test_strategy_class_not_found
    assert "class" in msg.lower() or "strategy" in msg.lower() or "resolved" in msg.lower()
E   AssertionError: assert ('class' in 'stage 1 failed (exit 2). check the logs for details.' or 'strategy' in 'stage 1 failed (exit 2). check the logs for details.' or 'resolved' in 'stage 1 failed (exit 2). check the logs for details.')
E    +  where 'stage 1 failed (exit 2). check the logs for details.' = &lt;built-in method lower of str object at 0x000002925536A560&gt;()
E    +    where &lt;built-in method lower of str object at 0x000002925536A560&gt; = 'Stage 1 failed (exit 2). Check the logs for details.'.lower
E    +  and   'stage 1 failed (exit 2). check the logs for details.' = &lt;built-in method lower of str object at 0x000002925536A560&gt;()
E    +    where &lt;built-in method lower of str object at 0x000002925536A560&gt; = 'Stage 1 failed (exit 2). Check the logs for details.'.lower
E    +  and   'stage 1 failed (exit 2). check the logs for details.' = &lt;built-in method lower of str object at 0x000002925536A560&gt;()
E    +    where &lt;built-in method lower of str object at 0x000002925536A560&gt; = 'Stage 1 failed (exit 2). Check the logs for details.'.lower</failure></testcase><testcase classname="tests.test_subprocess.TestSubprocessErrorClassifier" name="test_config_error_message_mentions_config" time="0.000" /><testcase classname="tests.test_subprocess.TestSubprocessErrorClassifier" name="test_buy_space_hyperopt_parameter_mismatch_message" time="0.000"><failure message="AssertionError: assert ('buy' in 'stage 2 failed (exit 2). check the logs for details.')&#10; +  where 'stage 2 failed (exit 2). check the logs for details.' = &lt;built-in method lower of str object at 0x0000029255369D80&gt;()&#10; +    where &lt;built-in method lower of str object at 0x0000029255369D80&gt; = 'Stage 2 failed (exit 2). Check the logs for details.'.lower">tests\test_subprocess.py:53: in test_buy_space_hyperopt_parameter_mismatch_message
    assert "buy" in msg.lower() and "hyperopt" in msg.lower()
E   AssertionError: assert ('buy' in 'stage 2 failed (exit 2). check the logs for details.')
E    +  where 'stage 2 failed (exit 2). check the logs for details.' = &lt;built-in method lower of str object at 0x0000029255369D80&gt;()
E    +    where &lt;built-in method lower of str object at 0x0000029255369D80&gt; = 'Stage 2 failed (exit 2). Check the logs for details.'.lower</failure></testcase><testcase classname="tests.test_system_health_router" name="test_system_health_returns_200_when_all_checks_pass" time="0.003" /><testcase classname="tests.test_system_health_router" name="test_system_health_returns_207_when_any_check_fails" time="0.002" /><testcase classname="tests.test_system_health_router" name="test_build_log_keeps_pass_fail_summary" time="0.000" /><testcase classname="tests.test_temporal_stress_service" name="test_parse_date" time="0.000" /><testcase classname="tests.test_temporal_stress_service" name="test_fmt_date" time="0.000" /><testcase classname="tests.test_temporal_stress_service" name="test_split_timerange_valid" time="0.000" /><testcase classname="tests.test_temporal_stress_service" name="test_split_timerange_invalid_format" time="0.000" /><testcase classname="tests.test_temporal_stress_service" name="test_split_timerange_invalid_length" time="0.000" /><testcase classname="tests.test_temporal_stress_service" name="test_generate_time_split_segments" time="0.000" /><testcase classname="tests.test_temporal_stress_service" name="test_generate_time_split_segments_too_short" time="0.000" /><testcase classname="tests.test_temporal_stress_service" name="test_generate_monte_carlo_segments" time="0.000" /><testcase classname="tests.test_temporal_stress_service" name="test_generate_monte_carlo_segments_too_short" time="0.000" /><testcase classname="tests.test_temporal_stress_service" name="test_generate_crash_gauntlet_segments" time="0.000" /><testcase classname="tests.test_temporal_stress_service" name="test_extract_segment_metrics_no_file" time="0.001" /><testcase classname="tests.test_temporal_stress_service" name="test_extract_segment_metrics_invalid_json" time="0.002" /><testcase classname="tests.test_temporal_stress_service" name="test_extract_segment_metrics_valid_data" time="0.007" /><testcase classname="tests.test_temporal_stress_service" name="test_consistency_score_no_finished" time="0.000" /><testcase classname="tests.test_temporal_stress_service" name="test_consistency_score_all_profitable" time="0.000" /><testcase classname="tests.test_temporal_stress_service" name="test_consistency_score_mixed" time="0.000" /><testcase classname="tests.test_temporal_stress_service" name="test_consistency_score_all_loss" time="0.000" /><testcase classname="tests.test_utils" name="test_get_data_file_path_json_format" time="0.000" /><testcase classname="tests.test_utils" name="test_get_data_file_path_feather_format" time="0.000" /><testcase classname="tests.test_utils" name="test_get_data_file_path_pair_normalization" time="0.000" /><testcase classname="tests.test_utils" name="test_get_data_file_path_futures_pair_normalization" time="0.000" /><testcase classname="tests.test_utils" name="test_detect_data_file_format_prefers_feather" time="0.004"><failure message="ImportError: `Import pyarrow` failed.  Use pip or conda to install the pyarrow package.">C:\Users\M4tie\AppData\Local\hermes\hermes-agent\venv\Lib\site-packages\pandas\compat\_optional.py:158: in import_optional_dependency
    module = importlib.import_module(name)
             ^^^^^^^^^^^^^^^^^^^^^^^^^^^^^
C:\Users\M4tie\AppData\Roaming\uv\python\cpython-3.11-windows-x86_64-none\Lib\importlib\__init__.py:126: in import_module
    return _bootstrap._gcd_import(name[level:], package, level)
           ^^^^^^^^^^^^^^^^^^^^^^^^^^^^^^^^^^^^^^^^^^^^^^^^^^^^
E   ModuleNotFoundError: No module named 'pyarrow'

The above exception was the direct cause of the following exception:
tests\test_utils.py:55: in test_detect_data_file_format_prefers_feather
    df.to_feather(feather_file)
C:\Users\M4tie\AppData\Local\hermes\hermes-agent\venv\Lib\site-packages\pandas\core\frame.py:2872: in to_feather
    to_feather(self, path, **kwargs)
C:\Users\M4tie\AppData\Local\hermes\hermes-agent\venv\Lib\site-packages\pandas\io\feather_format.py:68: in to_feather
    import_optional_dependency("pyarrow")
C:\Users\M4tie\AppData\Local\hermes\hermes-agent\venv\Lib\site-packages\pandas\compat\_optional.py:161: in import_optional_dependency
    raise ImportError(msg) from err
E   ImportError: `Import pyarrow` failed.  Use pip or conda to install the pyarrow package.</failure></testcase><testcase classname="tests.test_utils" name="test_detect_data_file_format_json_only" time="0.002" /><testcase classname="tests.test_utils" name="test_detect_data_file_format_feather_only" time="0.004"><failure message="ImportError: `Import pyarrow` failed.  Use pip or conda to install the pyarrow package.">C:\Users\M4tie\AppData\Local\hermes\hermes-agent\venv\Lib\site-packages\pandas\compat\_optional.py:158: in import_optional_dependency
    module = importlib.import_module(name)
             ^^^^^^^^^^^^^^^^^^^^^^^^^^^^^
C:\Users\M4tie\AppData\Roaming\uv\python\cpython-3.11-windows-x86_64-none\Lib\importlib\__init__.py:126: in import_module
    return _bootstrap._gcd_import(name[level:], package, level)
           ^^^^^^^^^^^^^^^^^^^^^^^^^^^^^^^^^^^^^^^^^^^^^^^^^^^^
E   ModuleNotFoundError: No module named 'pyarrow'

The above exception was the direct cause of the following exception:
tests\test_utils.py:85: in test_detect_data_file_format_feather_only
    df.to_feather(feather_file)
C:\Users\M4tie\AppData\Local\hermes\hermes-agent\venv\Lib\site-packages\pandas\core\frame.py:2872: in to_feather
    to_feather(self, path, **kwargs)
C:\Users\M4tie\AppData\Local\hermes\hermes-agent\venv\Lib\site-packages\pandas\io\feather_format.py:68: in to_feather
    import_optional_dependency("pyarrow")
C:\Users\M4tie\AppData\Local\hermes\hermes-agent\venv\Lib\site-packages\pandas\compat\_optional.py:161: in import_optional_dependency
    raise ImportError(msg) from err
E   ImportError: `Import pyarrow` failed.  Use pip or conda to install the pyarrow package.</failure></testcase><testcase classname="tests.test_utils" name="test_detect_data_file_format_none_exists" time="0.002" /><testcase classname="tests.test_utils" name="test_detect_data_file_format_different_exchange" time="0.002" /><testcase classname="tests.test_utils" name="test_detect_data_file_format_futures_pair" time="0.004"><failure message="ImportError: `Import pyarrow` failed.  Use pip or conda to install the pyarrow package.">C:\Users\M4tie\AppData\Local\hermes\hermes-agent\venv\Lib\site-packages\pandas\compat\_optional.py:158: in import_optional_dependency
    module = importlib.import_module(name)
             ^^^^^^^^^^^^^^^^^^^^^^^^^^^^^
C:\Users\M4tie\AppData\Roaming\uv\python\cpython-3.11-windows-x86_64-none\Lib\importlib\__init__.py:126: in import_module
    return _bootstrap._gcd_import(name[level:], package, level)
           ^^^^^^^^^^^^^^^^^^^^^^^^^^^^^^^^^^^^^^^^^^^^^^^^^^^^
E   ModuleNotFoundError: No module named 'pyarrow'

The above exception was the direct cause of the following exception:
tests\test_utils.py:120: in test_detect_data_file_format_futures_pair
    df.to_feather(feather_file)
C:\Users\M4tie\AppData\Local\hermes\hermes-agent\venv\Lib\site-packages\pandas\core\frame.py:2872: in to_feather
    to_feather(self, path, **kwargs)
C:\Users\M4tie\AppData\Local\hermes\hermes-agent\venv\Lib\site-packages\pandas\io\feather_format.py:68: in to_feather
    import_optional_dependency("pyarrow")
C:\Users\M4tie\AppData\Local\hermes\hermes-agent\venv\Lib\site-packages\pandas\compat\_optional.py:161: in import_optional_dependency
    raise ImportError(msg) from err
E   ImportError: `Import pyarrow` failed.  Use pip or conda to install the pyarrow package.</failure></testcase><testcase classname="tests.test_vectorbt_screener" name="test_screener_ranks_and_filters_candidates_by_score" time="0.021" /><testcase classname="tests.test_vectorbt_screener" name="test_missing_vectorbt_import_skips_without_error" time="0.002" /><testcase classname="tests.test_vectorbt_screener" name="test_missing_candle_data_skips_screening" time="0.002" /><testcase classname="tests.test_vectorbt_screener" name="test_strategy_parameter_value_injection_updates_generic_parameters" time="0.002" /><testcase classname="tests.test_vectorbt_screener" name="test_candidate_generation_removes_duplicates_and_existing_trials" time="0.002" /><testcase classname="tests.test_vectorbt_screener" name="test_timeout_returns_partial_screening_without_blocking_trials" time="0.006" /><testcase classname="tests.test_vectorbt_screener" name="test_non_finite_portfolio_metrics_are_normalized_for_json" time="0.002" /><testcase classname="tests.test_workflow_copilot" name="test_model_called_twice_tool_called_once" time="0.003" /><testcase classname="tests.test_workflow_copilot" name="test_confirmation_path" time="0.003" /><testcase classname="tests.test_workflow_copilot" name="test_tool_failure" time="0.003" /><testcase classname="tests.test_workflow_copilot" name="test_invalid_args" time="0.003" /><testcase classname="tests.test_workflow_copilot" name="test_unknown_tool" time="0.003" /><testcase classname="tests.test_workflow_copilot" name="test_duplicate_tool_call" time="0.005" /><testcase classname="tests.test_workflow_copilot" name="test_max_loop_guard" time="0.004" /><testcase classname="tests.test_workflow_copilot_integration" name="test_remove_pending_action_return_value_reflects_removal" time="0.003" /><testcase classname="tests.test_workflow_copilot_integration" name="test_copilot_build_context_uses_real_agent_context_service" time="0.006" /><testcase classname="tests.test_workflow_copilot_integration" name="test_process_turn_end_to_end_with_real_store_and_read_only_tool" time="0.014" /><testcase classname="tests.test_workflow_copilot_integration" name="test_second_ollama_call_preserves_assistant_tool_call_then_tool_result" time="0.009" /><testcase classname="tests.test_workflow_copilot_integration" name="test_confirmation_resume_flow_uses_real_session_and_executor" time="0.040" /><testcase classname="tests.test_workflow_copilot_integration" name="test_autoquant_endpoint_delegates_to_workflow_copilot_via_fastapi" time="0.017" /><testcase classname="tests.test_workflow_copilot_integration" name="test_public_assistant_confirmation_lifecycle_streams_progress_and_resumes_model[completed-tool_result-Backtest finished successfully.]" time="0.044" /><testcase classname="tests.test_workflow_copilot_integration" name="test_public_assistant_confirmation_lifecycle_streams_progress_and_resumes_model[failed-tool_failed-Backtest failed and needs attention.]" time="0.044" /><testcase classname="tests.test_workflow_copilot_integration" name="test_public_assistant_confirmation_lifecycle_streams_progress_and_resumes_model[timed_out-observation_timeout-Backtest is still running after timeout.]" time="0.046" /><testcase classname="tests.test_workflow_tool_executor" name="test_read_only_tool_executes_immediately" time="0.003" /><testcase classname="tests.test_workflow_tool_executor" name="test_guarded_tool_does_not_execute_before_confirmation" time="0.003" /><testcase classname="tests.test_workflow_tool_executor" name="test_long_running_backend_status_mapping[completed-completed]" time="0.003" /><testcase classname="tests.test_workflow_tool_executor" name="test_long_running_backend_status_mapping[failed-failed]" time="0.005" /><testcase classname="tests.test_workflow_tool_executor" name="test_long_running_backend_status_mapping[cancelled-cancelled]" time="0.003" /><testcase classname="tests.test_workflow_tool_executor" name="test_long_running_backend_status_mapping[timed_out-timed_out]" time="0.003" /><testcase classname="tests.test_workflow_tool_executor" name="test_long_running_backend_status_mapping[running-running]" time="0.003" /><testcase classname="tests.test_workflow_tool_executor" name="test_long_running_backend_status_mapping[queued-running]" time="0.004" /><testcase classname="tests.test_workflow_tool_executor" name="test_observation_timeout_is_never_completed" time="0.004" /><testcase classname="tests.test_workflow_tool_executor" name="test_view_best_params_uses_real_optimizer_model_fields" time="0.003" /><testcase classname="tests.test_workflow_tool_executor" name="test_view_trial_params_uses_real_optimizer_model_fields" time="0.003" /><testcase classname="tests.test_workflow_tool_executor" name="test_read_strategy_file_uses_resolver" time="0.007" /><testcase classname="tests.test_workflow_tool_executor" name="test_get_pair_universe_returns_available_pairs" time="0.004" /><testcase classname="tests.test_workflow_tool_registry" name="test_all_expected_tools_registered" time="0.000" /><testcase classname="tests.test_workflow_tool_registry" name="test_unknown_tool_rejected" time="0.000" /><testcase classname="tests.test_workflow_tool_registry" name="test_invalid_arguments_rejected" time="0.000" /><testcase classname="tests.test_workflow_tool_registry" name="test_valid_arguments_accepted" time="0.000" /><testcase classname="tests.test_workflow_tool_registry" name="test_policy_classification_correct" time="0.000" /><testcase classname="tests.test_workflow_tool_registry" name="test_model_tool_schemas_generated_from_registry" time="0.000"><failure message="AssertionError: assert 'name' in {'type': 'function', 'function': {'name': 'inspect_app_structure', 'description': 'Inspect the app structure to unders...s the app configuration and available endpoints.', 'parameters': {'type': 'object', 'properties': {}, 'required': []}}}">tests\test_workflow_tool_registry.py:82: in test_model_tool_schemas_generated_from_registry
    assert "name" in tool
E   AssertionError: assert 'name' in {'type': 'function', 'function': {'name': 'inspect_app_structure', 'description': 'Inspect the app structure to unders...s the app configuration and available endpoints.', 'parameters': {'type': 'object', 'properties': {}, 'required': []}}}</failure></testcase><testcase classname="tests.test_workflow_tool_registry" name="test_no_duplicate_hand_maintained_tool_policy_lists" time="0.000" /><testcase classname="tests.test_workflow_tool_registry" name="test_is_long_running" time="0.000" /><testcase classname="tests.test_workflow_tool_registry" name="test_calculate_arguments_hash" time="0.000" /><testcase classname="tests.test_workflow_tool_registry" name="test_get_handler_name" time="0.001" /></testsuite></testsuites>