<?xml version="1.0" encoding="utf-8"?><testsuites name="pytest tests"><testsuite name="pytest" errors="0" failures="2" skipped="10" tests="538" time="9.605" timestamp="2026-07-11T04:20:18.190351+03:00" hostname="4tie"><testcase classname="tests.aeroing4.diagnosis.test_engine" name="test_diagnosis_engine_initialization" time="0.001" /><testcase classname="tests.aeroing4.diagnosis.test_engine" name="test_diagnosis_engine_successful_diagnosis" time="0.001" /><testcase classname="tests.aeroing4.diagnosis.test_engine" name="test_diagnosis_engine_insufficient_evidence" time="0.001" /><testcase classname="tests.aeroing4.diagnosis.test_engine" name="test_diagnosis_engine_integrity_error" time="0.000" /><testcase classname="tests.aeroing4.diagnosis.test_engine" name="test_diagnosis_engine_no_champion_reference" time="0.000" /><testcase classname="tests.aeroing4.diagnosis.test_engine" name="test_diagnosis_engine_triggers_no_edge" time="0.001" /><testcase classname="tests.aeroing4.diagnosis.test_engine" name="test_diagnosis_engine_triggers_insufficient_sample" time="0.001" /><testcase classname="tests.aeroing4.diagnosis.test_engine" name="test_diagnosis_engine_excludes_parameter_research_from_primary" time="0.001" /><testcase classname="tests.aeroing4.diagnosis.test_engine" name="test_diagnosis_engine_generates_derived_findings" time="0.001" /><testcase classname="tests.aeroing4.diagnosis.test_engine" name="test_diagnosis_engine_input_hash" time="0.001" /><testcase classname="tests.aeroing4.diagnosis.test_engine" name="test_diagnosis_engine_duration" time="0.001" /><testcase classname="tests.aeroing4.diagnosis.test_expectancy_scale_invariance" name="test_negative_expectancy_with_low_profit_factor_critical" time="0.000" /><testcase classname="tests.aeroing4.diagnosis.test_expectancy_scale_invariance" name="test_negative_expectancy_with_marginal_profit_factor_high" time="0.000" /><testcase classname="tests.aeroing4.diagnosis.test_expectancy_scale_invariance" name="test_negative_expectancy_without_profit_factor_medium" time="0.000" /><testcase classname="tests.aeroing4.diagnosis.test_expectancy_scale_invariance" name="test_expectancy_severity_scale_invariant" time="0.000" /><testcase classname="tests.aeroing4.diagnosis.test_expectancy_scale_invariance" name="test_expectancy_severity_uses_profit_factor_not_magnitude" time="0.000" /><testcase classname="tests.aeroing4.diagnosis.test_expectancy_scale_invariance" name="test_positive_expectancy_no_trigger" time="0.000" /><testcase classname="tests.aeroing4.diagnosis.test_expectancy_scale_invariance" name="test_zero_expectancy_no_trigger" time="0.000" /><testcase classname="tests.aeroing4.diagnosis.test_idempotency" name="test_identical_input_reuses_diagnosis" time="0.007" /><testcase classname="tests.aeroing4.diagnosis.test_idempotency" name="test_input_hash_changes_with_baseline_input_hash" time="0.001" /><testcase classname="tests.aeroing4.diagnosis.test_idempotency" name="test_input_hash_changes_with_metrics_version" time="0.001" /><testcase classname="tests.aeroing4.diagnosis.test_idempotency" name="test_input_hash_changes_with_strategy_hash" time="0.001" /><testcase classname="tests.aeroing4.diagnosis.test_idempotency" name="test_input_hash_changes_with_parameter_hash" time="0.000" /><testcase classname="tests.aeroing4.diagnosis.test_idempotency" name="test_input_hash_changes_with_canonical_metrics_hash" time="0.000" /><testcase classname="tests.aeroing4.diagnosis.test_idempotency" name="test_changed_baseline_evidence_creates_new_diagnosis" time="0.006" /><testcase classname="tests.aeroing4.diagnosis.test_idempotency" name="test_changed_metrics_version_invalidates_reuse" time="0.008" /><testcase classname="tests.aeroing4.diagnosis.test_idempotency" name="test_changed_strategy_hash_creates_new_diagnosis" time="0.006" /><testcase classname="tests.aeroing4.diagnosis.test_idempotency" name="test_changed_parameter_hash_creates_new_diagnosis" time="0.007" /><testcase classname="tests.aeroing4.diagnosis.test_idempotency" name="test_restart_reload_finds_reusable_diagnosis" time="0.008" /><testcase classname="tests.aeroing4.diagnosis.test_idempotency" name="test_input_hash_includes_all_identity_fields" time="0.001" /><testcase classname="tests.aeroing4.diagnosis.test_models" name="test_diagnosis_code_enum" time="0.000" /><testcase classname="tests.aeroing4.diagnosis.test_models" name="test_diagnosis_finding_validation" time="0.000" /><testcase classname="tests.aeroing4.diagnosis.test_models" name="test_diagnosis_finding_confidence_bounds" time="0.000" /><testcase classname="tests.aeroing4.diagnosis.test_models" name="test_diagnosis_result_validation" time="0.000" /><testcase classname="tests.aeroing4.diagnosis.test_models" name="test_evidence_quality_enum" time="0.000" /><testcase classname="tests.aeroing4.diagnosis.test_models" name="test_severity_enum" time="0.000" /><testcase classname="tests.aeroing4.diagnosis.test_models" name="test_diagnosis_category_enum" time="0.000" /><testcase classname="tests.aeroing4.diagnosis.test_models" name="test_diagnosis_outcome_enum" time="0.000" /><testcase classname="tests.aeroing4.diagnosis.test_persistence" name="test_diagnosis_store_save_and_load" time="0.008" /><testcase classname="tests.aeroing4.diagnosis.test_persistence" name="test_diagnosis_store_load_all" time="0.012" /><testcase classname="tests.aeroing4.diagnosis.test_persistence" name="test_diagnosis_store_list_by_run" time="0.025" /><testcase classname="tests.aeroing4.diagnosis.test_persistence" name="test_diagnosis_store_list_by_champion" time="0.023" /><testcase classname="tests.aeroing4.diagnosis.test_persistence" name="test_diagnosis_store_get_latest_for_run" time="0.004" /><testcase classname="tests.aeroing4.diagnosis.test_persistence" name="test_diagnosis_store_get_latest_for_champion" time="0.003" /><testcase classname="tests.aeroing4.diagnosis.test_persistence" name="test_diagnosis_store_delete" time="0.007" /><testcase classname="tests.aeroing4.diagnosis.test_persistence" name="test_diagnosis_store_delete_nonexistent" time="0.001" /><testcase classname="tests.aeroing4.diagnosis.test_persistence" name="test_diagnosis_store_atomic_save" time="0.029" /><testcase classname="tests.aeroing4.diagnosis.test_persistence" name="test_diagnosis_store_empty" time="0.001" /><testcase classname="tests.aeroing4.diagnosis.test_resolver" name="test_map_exit_reason_stoploss" time="0.000" /><testcase classname="tests.aeroing4.diagnosis.test_resolver" name="test_map_exit_reason_profit" time="0.000" /><testcase classname="tests.aeroing4.diagnosis.test_resolver" name="test_map_exit_reason_strategy" time="0.000" /><testcase classname="tests.aeroing4.diagnosis.test_resolver" name="test_map_exit_reason_operational" time="0.000" /><testcase classname="tests.aeroing4.diagnosis.test_resolver" name="test_map_exit_reason_unknown" time="0.000" /><testcase classname="tests.aeroing4.diagnosis.test_resolver" name="test_evidence_resolver_get_total_trades" time="0.000" /><testcase classname="tests.aeroing4.diagnosis.test_resolver" name="test_evidence_resolver_get_profit_factor" time="0.000" /><testcase classname="tests.aeroing4.diagnosis.test_resolver" name="test_evidence_resolver_get_expectancy" time="0.000" /><testcase classname="tests.aeroing4.diagnosis.test_resolver" name="test_evidence_resolver_get_max_drawdown" time="0.000" /><testcase classname="tests.aeroing4.diagnosis.test_resolver" name="test_evidence_resolver_get_selected_pairs" time="0.000" /><testcase classname="tests.aeroing4.diagnosis.test_resolver" name="test_evidence_resolver_get_per_pair_contributions" time="0.000" /><testcase classname="tests.aeroing4.diagnosis.test_resolver" name="test_evidence_resolver_get_negative_contributing_pairs" time="0.000" /><testcase classname="tests.aeroing4.diagnosis.test_resolver" name="test_evidence_resolver_get_stoploss_exit_share" time="0.000" /><testcase classname="tests.aeroing4.diagnosis.test_resolver" name="test_evidence_resolver_is_metric_available" time="0.000" /><testcase classname="tests.aeroing4.diagnosis.test_rules" name="test_insufficient_sample_rule_triggers" time="0.001" /><testcase classname="tests.aeroing4.diagnosis.test_rules" name="test_insufficient_sample_rule_no_trigger" time="0.000" /><testcase classname="tests.aeroing4.diagnosis.test_rules" name="test_no_edge_rule_triggers" time="0.000" /><testcase classname="tests.aeroing4.diagnosis.test_rules" name="test_no_edge_rule_no_trigger_pf_ok" time="0.000" /><testcase classname="tests.aeroing4.diagnosis.test_rules" name="test_no_edge_rule_no_trigger_expectancy_ok" time="0.000" /><testcase classname="tests.aeroing4.diagnosis.test_rules" name="test_excessive_drawdown_rule_critical" time="0.000" /><testcase classname="tests.aeroing4.diagnosis.test_rules" name="test_excessive_drawdown_rule_high" time="0.000" /><testcase classname="tests.aeroing4.diagnosis.test_rules" name="test_excessive_drawdown_rule_no_trigger" time="0.000" /><testcase classname="tests.aeroing4.diagnosis.test_rules" name="test_single_pair_dependence_rule_triggers" time="0.000" /><testcase classname="tests.aeroing4.diagnosis.test_rules" name="test_single_pair_dependence_rule_no_trigger" time="0.000" /><testcase classname="tests.aeroing4.diagnosis.test_rules" name="test_stoploss_dominance_rule_triggers" time="0.000" /><testcase classname="tests.aeroing4.diagnosis.test_rules" name="test_stoploss_dominance_rule_no_trigger" time="0.000" /><testcase classname="tests.aeroing4.diagnosis.test_rules" name="test_entry_too_restrictive_rule_triggers" time="0.000" /><testcase classname="tests.aeroing4.diagnosis.test_rules" name="test_entry_too_restrictive_rule_no_trigger" time="0.000" /><testcase classname="tests.aeroing4.diagnosis.test_rules" name="test_parameter_research_rules_are_derived" time="0.001" /><testcase classname="tests.aeroing4.diagnosis.test_rules" name="test_parameter_research_rules_do_not_evaluate" time="0.000" /><testcase classname="tests.aeroing4.diagnosis.test_rules" name="test_rule_check_required_evidence" time="0.000" /><testcase classname="tests.aeroing4.diagnosis.test_rules" name="test_rule_missing_required_evidence" time="0.000" /><testcase classname="tests.aeroing4.diagnosis.test_rule_priority" name="test_registry_get_rule_by_diagnosis_code" time="0.000" /><testcase classname="tests.aeroing4.diagnosis.test_rule_priority" name="test_rule_priority_lookup" time="0.000" /><testcase classname="tests.aeroing4.diagnosis.test_rule_priority" name="test_primary_diagnosis_uses_rule_priority" time="0.000" /><testcase classname="tests.aeroing4.diagnosis.test_rule_priority" name="test_diagnosis_code_tie_break_after_priority" time="0.000" /><testcase classname="tests.aeroing4.diagnosis.test_rule_priority" name="test_derived_findings_excluded_from_primary" time="0.000" /><testcase classname="tests.aeroing4.diagnosis.test_rule_priority" name="test_severity_takes_precedence_over_priority" time="0.000" /><testcase classname="tests.aeroing4.diagnosis.test_rule_priority" name="test_confidence_takes_precedence_over_priority" time="0.000" /><testcase classname="tests.aeroing4.diagnosis.test_store_safety" name="test_save_and_load" time="0.006" /><testcase classname="tests.aeroing4.diagnosis.test_store_safety" name="test_save_updates_existing" time="0.011" /><testcase classname="tests.aeroing4.diagnosis.test_store_safety" name="test_load_nonexistent_returns_none" time="0.001" /><testcase classname="tests.aeroing4.diagnosis.test_store_safety" name="test_list_by_run" time="0.020" /><testcase classname="tests.aeroing4.diagnosis.test_store_safety" name="test_list_by_champion" time="0.022" /><testcase classname="tests.aeroing4.diagnosis.test_store_safety" name="test_delete" time="0.007" /><testcase classname="tests.aeroing4.diagnosis.test_store_safety" name="test_atomic_write" time="0.006" /><testcase classname="tests.aeroing4.diagnosis.test_store_safety" name="test_corrupt_file_fails_closed" time="0.002" /><testcase classname="tests.aeroing4.diagnosis.test_store_safety" name="test_concurrent_saves" time="0.063" /><testcase classname="tests.aeroing4.diagnosis.test_store_safety" name="test_history_remains_available" time="0.031" /><testcase classname="tests.aeroing4.diagnosis.test_store_safety" name="test_get_latest_for_run" time="0.004" /><testcase classname="tests.aeroing4.diagnosis.test_store_safety" name="test_get_latest_for_champion" time="0.004" /><testcase classname="tests.aeroing4.diagnosis.test_thresholds" name="test_profit_factor_thresholds" time="0.000" /><testcase classname="tests.aeroing4.diagnosis.test_thresholds" name="test_drawdown_thresholds" time="0.000" /><testcase classname="tests.aeroing4.diagnosis.test_thresholds" name="test_expectancy_threshold" time="0.000" /><testcase classname="tests.aeroing4.diagnosis.test_thresholds" name="test_classify_evidence_quality_high" time="0.000" /><testcase classname="tests.aeroing4.diagnosis.test_thresholds" name="test_classify_evidence_quality_insufficient" time="0.000" /><testcase classname="tests.aeroing4.diagnosis.test_thresholds" name="test_classify_evidence_quality_medium" time="0.000" /><testcase classname="tests.aeroing4.diagnosis.test_thresholds" name="test_classify_evidence_quality_missing_metrics" time="0.000" /><testcase classname="tests.aeroing4.research.test_allowed_targets" name="test_sidecar_metadata_discovery" time="0.004" /><testcase classname="tests.aeroing4.research.test_allowed_targets" name="test_missing_sidecar_returns_empty_without_services" time="0.000" /><testcase classname="tests.aeroing4.research.test_allowed_targets" name="test_declared_parameter_targets_used_when_sidecar_missing" time="0.001" /><testcase classname="tests.aeroing4.research.test_allowed_targets" name="test_non_editable_parameters_are_excluded" time="0.001" /><testcase classname="tests.aeroing4.research.test_allowed_targets" name="test_no_trusted_targets_returns_empty" time="0.000" /><testcase classname="tests.aeroing4.research.test_allowed_targets" name="test_boolean_parameter_risk_class" time="0.000" /><testcase classname="tests.aeroing4.research.test_mutation_policy" name="test_allowed_when_target_allowed_and_in_bounds" time="0.000" /><testcase classname="tests.aeroing4.research.test_mutation_policy" name="test_denied_when_target_unknown" time="0.000" /><testcase classname="tests.aeroing4.research.test_mutation_policy" name="test_denied_when_target_not_mutable" time="0.000" /><testcase classname="tests.aeroing4.research.test_mutation_policy" name="test_denied_when_out_of_range_min" time="0.000" /><testcase classname="tests.aeroing4.research.test_mutation_policy" name="test_denied_when_out_of_range_max" time="0.000" /><testcase classname="tests.aeroing4.research.test_mutation_policy" name="test_denied_duplicate_identity" time="0.000" /><testcase classname="tests.aeroing4.research.test_proposal_generator" name="test_validate_proposal_payload_accepts_valid" time="0.000" /><testcase classname="tests.aeroing4.research.test_proposal_generator" name="test_validate_proposal_payload_rejects_executable_fields" time="0.000" /><testcase classname="tests.aeroing4.research.test_proposal_generator" name="test_validate_proposal_payload_rejects_unknown_fields" time="0.000" /><testcase classname="tests.aeroing4.research.test_proposal_generator" name="test_parse_response_accepted" time="0.000" /><testcase classname="tests.aeroing4.research.test_proposal_generator" name="test_parse_response_malformed_becomes_skipped" time="0.000" /><testcase classname="tests.aeroing4.research.test_proposal_generator" name="test_generate_unavailable_returns_unavailable" time="0.002" /><testcase classname="tests.aeroing4.research.test_proposal_generator" name="test_generate_skipped_for_force_skip" time="0.001" /><testcase classname="tests.aeroing4.test_configuration_propagation" name="test_request_model_has_configuration_fields" time="0.000" /><testcase classname="tests.aeroing4.test_configuration_propagation" name="test_request_model_defaults" time="0.000" /><testcase classname="tests.aeroing4.test_configuration_propagation" name="test_run_model_has_configuration_fields" time="0.000" /><testcase classname="tests.aeroing4.test_configuration_propagation" name="test_run_model_defaults" time="0.000" /><testcase classname="tests.aeroing4.test_configuration_propagation" name="test_state_store_creates_run_with_configuration" time="0.007" /><testcase classname="tests.aeroing4.test_configuration_propagation" name="test_state_store_survives_reload" time="0.007" /><testcase classname="tests.aeroing4.test_configuration_propagation" name="test_orchestrator_create_run_accepts_configuration" time="0.001" /><testcase classname="tests.aeroing4.test_configuration_propagation" name="test_configuration_changes_identity" time="0.000" /><testcase classname="tests.aeroing4.test_configuration_propagation" name="test_configuration_snapshot_includes_configuration" time="0.000" /><testcase classname="tests.aeroing4.test_configuration_propagation" name="test_portfolio_baseline_result_has_configuration_fields" time="0.000" /><testcase classname="tests.aeroing4.test_initial_champion.TestInitialChampionStep" name="test_initial_champion_from_profitable_baseline" time="0.000" /><testcase classname="tests.aeroing4.test_initial_champion.TestInitialChampionStep" name="test_initial_champion_from_losing_baseline" time="0.000" /><testcase classname="tests.aeroing4.test_initial_champion.TestInitialChampionStep" name="test_no_champion_after_execution_failure" time="0.000" /><testcase classname="tests.aeroing4.test_initial_champion.TestInitialChampionStep" name="test_champion_references_immutable_artifact" time="0.001" /><testcase classname="tests.aeroing4.test_initial_champion.TestInitialChampionStep" name="test_champion_identity_deterministic" time="0.000" /><testcase classname="tests.aeroing4.test_initial_champion.TestInitialChampionStep" name="test_duplicate_baseline_no_duplicate_champion" time="0.000" /><testcase classname="tests.aeroing4.test_initial_champion.TestInitialChampionStep" name="test_restart_preserves_champion_identity" time="0.000" /><testcase classname="tests.aeroing4.test_initial_champion.TestChampionStore" name="test_champion_store_persistence" time="0.001" /><testcase classname="tests.aeroing4.test_initial_champion.TestChampionStore" name="test_champion_store_lineage" time="0.001" /><testcase classname="tests.aeroing4.test_initial_champion.TestResearchStateIntegration" name="test_research_state_champion_pointer" time="0.001" /><testcase classname="tests.aeroing4.test_initial_champion.TestResearchStateIntegration" name="test_research_state_does_not_duplicate_history" time="0.001" /><testcase classname="tests.aeroing4.test_pair_selection.TestPairSelector" name="test_auto_best_n_default_count" time="0.001" /><testcase classname="tests.aeroing4.test_pair_selection.TestPairSelector" name="test_auto_best_n_configurable_count" time="0.000" /><testcase classname="tests.aeroing4.test_pair_selection.TestPairSelector" name="test_auto_best_n_deterministic_order" time="0.000" /><testcase classname="tests.aeroing4.test_pair_selection.TestPairSelector" name="test_auto_best_n_insufficient_qualified_pairs" time="0.000" /><testcase classname="tests.aeroing4.test_pair_selection.TestPairSelector" name="test_auto_best_n_excludes_rejected_pairs" time="0.000" /><testcase classname="tests.aeroing4.test_pair_selection.TestPairSelector" name="test_manual_valid_selection" time="0.001" /><testcase classname="tests.aeroing4.test_pair_selection.TestPairSelector" name="test_manual_invalid_pair" time="0.000" /><testcase classname="tests.aeroing4.test_pair_selection.TestPairSelector" name="test_manual_non_qualified_pair_warning" time="0.000" /><testcase classname="tests.aeroing4.test_pair_selection.TestPairSelector" name="test_manual_allow_non_qualified" time="0.000" /><testcase classname="tests.aeroing4.test_pair_selection.TestPairSelector" name="test_selection_hash_stability" time="0.000" /><testcase classname="tests.aeroing4.test_pair_selection.TestPairSelector" name="test_selection_hash_changes_with_different_inputs" time="0.000" /><testcase classname="tests.aeroing4.test_pair_selection.TestPairSelector" name="test_selection_immutability_after_baseline" time="0.000" /><testcase classname="tests.aeroing4.test_portfolio_baseline.TestPortfolioAnalyzer" name="test_extract_per_pair_contributions" time="0.001" /><testcase classname="tests.aeroing4.test_portfolio_baseline.TestPortfolioAnalyzer" name="test_extract_per_pair_contributions_with_missing_totals" time="0.001" /><testcase classname="tests.aeroing4.test_portfolio_baseline.TestPortfolioAnalyzer" name="test_analyze_concentration_balanced" time="0.001" /><testcase classname="tests.aeroing4.test_portfolio_baseline.TestPortfolioAnalyzer" name="test_analyze_concentration_high" time="0.001" /><testcase classname="tests.aeroing4.test_portfolio_baseline.TestPortfolioAnalyzer" name="test_analyze_concentration_moderate" time="0.001" /><testcase classname="tests.aeroing4.test_portfolio_baseline.TestPortfolioAnalyzer" name="test_analyze_concentration_empty" time="0.001" /><testcase classname="tests.aeroing4.test_portfolio_baseline.TestPortfolioAnalyzer" name="test_extract_exit_reason_distribution" time="0.000" /><testcase classname="tests.aeroing4.test_portfolio_baseline.TestPortfolioAnalyzer" name="test_extract_exit_reason_distribution_missing_data" time="0.001" /><testcase classname="tests.aeroing4.test_portfolio_baseline.TestPortfolioBaselineResult" name="test_baseline_result_pass" time="0.000" /><testcase classname="tests.aeroing4.test_portfolio_baseline.TestPortfolioBaselineResult" name="test_baseline_result_fail_execution" time="0.000" /><testcase classname="tests.aeroing4.test_portfolio_baseline.TestPortfolioBaselineResult" name="test_baseline_result_losing_but_valid" time="0.000" /><testcase classname="tests.aeroing4.test_portfolio_baseline.TestPortfolioBaselineResult" name="test_baseline_result_no_trades" time="0.000" /><testcase classname="tests.aeroing4.test_portfolio_baseline.TestPortfolioBaselineResult" name="test_baseline_result_protocol_denied" time="0.000" /><testcase classname="tests.aeroing4.test_protocol_integration.TestPortfolioBaselineProtocolAccess" name="test_portfolio_baseline_accesses_develop_only" time="0.001" /><testcase classname="tests.aeroing4.test_protocol_integration.TestPortfolioBaselineProtocolAccess" name="test_portfolio_baseline_denied_confirmation" time="0.001" /><testcase classname="tests.aeroing4.test_protocol_integration.TestPortfolioBaselineProtocolAccess" name="test_portfolio_baseline_denied_final_unseen" time="0.001" /><testcase classname="tests.aeroing4.test_protocol_integration.TestPortfolioBaselineProtocolAccess" name="test_portfolio_baseline_without_protocol" time="0.001" /><testcase classname="tests.aeroing4.test_protocol_integration.TestPortfolioBaselineProtocolAccess" name="test_access_ledger_reference_stored" time="0.002" /><testcase classname="tests.aeroing4.test_protocol_integration.TestPortfolioBaselineProtocolAccess" name="test_develop_timerange_enforced" time="0.001" /><testcase classname="tests.aeroing4.test_protocol_integration.TestResearchBudgetNoConsumption" name="test_no_research_budget_consumed" time="0.001" /><testcase classname="tests.aeroing4.test_protocol_integration.TestNoAutomaticHypothesisCreation" name="test_no_hypothesis_created" time="0.001" /><testcase classname="tests.aeroing4.test_protocol_integration.TestNoAutomaticExperimentCreation" name="test_no_experiment_created" time="0.001" /><testcase classname="tests.aeroing4.test_protocol_integration.TestResearchStateChampionOnly" name="test_research_state_updated_for_champion" time="0.001" /><testcase classname="tests.aeroing4.test_protocol_integration.TestResearchStateChampionOnly" name="test_research_state_not_updated_for_baseline" time="0.001" /><testcase classname="tests.aeroing4.test_protocol_integration.TestPairSelectionProtocolConsistency" name="test_pair_selection_reads_protected_evidence" time="0.001" /><testcase classname="tests.aeroing4.test_protocol_integration.TestPairSelectionProtocolConsistency" name="test_pair_selection_does_not_access_zones" time="0.001" /><testcase classname="tests.test_aeroing4_bias_check" name="test_bias_parser_lookahead_stdout_bias" time="0.001" /><testcase classname="tests.test_aeroing4_bias_check" name="test_bias_parser_lookahead_stdout_clean" time="0.000" /><testcase classname="tests.test_aeroing4_bias_check" name="test_bias_parser_lookahead_stdout_malformed" time="0.000" /><testcase classname="tests.test_aeroing4_bias_check" name="test_bias_parser_lookahead_stdout_empty" time="0.000" /><testcase classname="tests.test_aeroing4_bias_check" name="test_bias_parser_recursive_stdout_bias" time="0.000" /><testcase classname="tests.test_aeroing4_bias_check" name="test_bias_parser_recursive_stdout_clean" time="0.000" /><testcase classname="tests.test_aeroing4_bias_check" name="test_bias_parser_recursive_stdout_malformed" time="0.000" /><testcase classname="tests.test_aeroing4_bias_check" name="test_bias_parser_recursive_stdout_empty" time="0.000" /><testcase classname="tests.test_aeroing4_bias_check" name="test_bias_check_step_execution_failure" time="0.003" /><testcase classname="tests.test_aeroing4_bias_check" name="test_bias_check_step_fatal_lookahead" time="0.003" /><testcase classname="tests.test_aeroing4_bias_check" name="test_bias_check_step_pass" time="0.002" /><testcase classname="tests.test_aeroing4_data_preparation.TestDataPreparationStep" name="test_data_already_available" time="0.002" /><testcase classname="tests.test_aeroing4_data_preparation.TestDataPreparationStep" name="test_missing_data_downloads_successfully" time="0.002" /><testcase classname="tests.test_aeroing4_data_preparation.TestDataPreparationStep" name="test_download_failure" time="0.002" /><testcase classname="tests.test_aeroing4_data_preparation.TestDataPreparationStep" name="test_incomplete_coverage_after_download" time="0.002" /><testcase classname="tests.test_aeroing4_data_preparation.TestDataPreparationStep" name="test_exception_handling" time="0.001" /><testcase classname="tests.test_aeroing4_data_preparation.TestDataPreparationStep" name="test_multiple_pairs_mixed_readiness" time="0.002" /><testcase classname="tests.test_aeroing4_integration.TestAeRoing4Integration" name="test_real_strategy_validation_boundary" time="0.136" /><testcase classname="tests.test_aeroing4_integration.TestAeRoing4Integration" name="test_real_data_preparation_boundary" time="0.124" /><testcase classname="tests.test_aeroing4_integration.TestAeRoing4Integration" name="test_real_smoke_backtest_boundary" time="2.797" /><testcase classname="tests.test_aeroing4_integration.TestAeRoing4Integration" name="test_end_to_end_workflow" time="0.167" /><testcase classname="tests.test_aeroing4_integration.TestAeRoing4Integration" name="test_api_verification" time="0.000"><skipped type="pytest.skip" message="API test requires more complex FastAPI app state setup">L:\M4tie\Documents\AeRoing4\backend\tests\test_aeroing4_integration.py:275: API test requires more complex FastAPI app state setup</skipped></testcase><testcase classname="tests.test_aeroing4_metrics_adapters.TestFromParsedSummary" name="test_all_available" time="0.000" /><testcase classname="tests.test_aeroing4_metrics_adapters.TestFromParsedSummary" name="test_all_unavailable" time="0.000" /><testcase classname="tests.test_aeroing4_metrics_adapters.TestFromParsedSummary" name="test_partial_availability" time="0.000" /><testcase classname="tests.test_aeroing4_metrics_adapters.TestFromParsedSummary" name="test_bootstrap_sharpe_unavailable_without_trades" time="0.000" /><testcase classname="tests.test_aeroing4_metrics_adapters.TestFromParsedSummary" name="test_provenance_stamped" time="0.000" /><testcase classname="tests.test_aeroing4_metrics_adapters.TestFromParsedSummary" name="test_serialization_round_trip_preserves_null_and_availability" time="0.000" /><testcase classname="tests.test_aeroing4_metrics_adapters.TestFromParsedSummaryWithTrades" name="test_derives_bootstrap_sharpe_from_object_trades" time="0.034" /><testcase classname="tests.test_aeroing4_metrics_adapters.TestFromParsedSummaryWithTrades" name="test_derives_bootstrap_sharpe_from_dict_trades" time="0.039" /><testcase classname="tests.test_aeroing4_metrics_adapters.TestFromParsedSummaryWithTrades" name="test_dict_and_object_trades_agree" time="0.068" /><testcase classname="tests.test_aeroing4_metrics_adapters.TestFromParsedSummaryWithTrades" name="test_missing_profit_ratio_is_skipped_not_treated_as_zero" time="0.000" /><testcase classname="tests.test_aeroing4_metrics_adapters.TestFromParsedSummaryWithTrades" name="test_backfills_sharpe_when_summary_lacks_it" time="0.035" /><testcase classname="tests.test_aeroing4_metrics_adapters.TestFromPairDiscoveryGroup" name="test_derives_profit_factor_and_expectancy_from_trades" time="0.000" /><testcase classname="tests.test_aeroing4_metrics_adapters.TestFromPairDiscoveryGroup" name="test_zero_trades_produces_unavailable_not_zero" time="0.000" /><testcase classname="tests.test_aeroing4_metrics_adapters.TestFromPairDiscoveryGroup" name="test_empty_pair_data" time="0.000" /><testcase classname="tests.test_aeroing4_metrics_calculator.TestProfitFactor" name="test_normal_case" time="0.000" /><testcase classname="tests.test_aeroing4_metrics_calculator.TestProfitFactor" name="test_no_losing_trades" time="0.001" /><testcase classname="tests.test_aeroing4_metrics_calculator.TestProfitFactor" name="test_no_winning_trades" time="0.001" /><testcase classname="tests.test_aeroing4_metrics_calculator.TestProfitFactor" name="test_zero_trades" time="0.000" /><testcase classname="tests.test_aeroing4_metrics_calculator.TestProfitFactor" name="test_all_zero_profit_trades" time="0.000" /><testcase classname="tests.test_aeroing4_metrics_calculator.TestExpectancy" name="test_positive_expectancy" time="0.000" /><testcase classname="tests.test_aeroing4_metrics_calculator.TestExpectancy" name="test_negative_expectancy" time="0.000" /><testcase classname="tests.test_aeroing4_metrics_calculator.TestExpectancy" name="test_zero_trades" time="0.001" /><testcase classname="tests.test_aeroing4_metrics_calculator.TestExpectancy" name="test_equivalent_to_win_loss_decomposition_formula" time="0.001" /><testcase classname="tests.test_aeroing4_metrics_calculator.TestWinRate" name="test_normal" time="0.001" /><testcase classname="tests.test_aeroing4_metrics_calculator.TestWinRate" name="test_zero_trades" time="0.001" /><testcase classname="tests.test_aeroing4_metrics_calculator.TestTradeCounts" name="test_counts" time="0.001" /><testcase classname="tests.test_aeroing4_metrics_calculator.TestTradeCounts" name="test_none_input" time="0.001" /><testcase classname="tests.test_aeroing4_metrics_calculator.TestTradeCounts" name="test_zero_trades_list" time="0.000" /><testcase classname="tests.test_aeroing4_metrics_calculator.TestDrawdown" name="test_max_drawdown_abs" time="0.000" /><testcase classname="tests.test_aeroing4_metrics_calculator.TestDrawdown" name="test_max_drawdown_pct" time="0.000" /><testcase classname="tests.test_aeroing4_metrics_calculator.TestDrawdown" name="test_insufficient_points" time="0.000" /><testcase classname="tests.test_aeroing4_metrics_calculator.TestAverageTradeDuration" name="test_normal" time="0.000" /><testcase classname="tests.test_aeroing4_metrics_calculator.TestAverageTradeDuration" name="test_empty" time="0.000" /><testcase classname="tests.test_aeroing4_metrics_calculator.TestAverageTradeDuration" name="test_filters_none" time="0.000" /><testcase classname="tests.test_aeroing4_metrics_calculator.TestSharpe" name="test_normal" time="0.001" /><testcase classname="tests.test_aeroing4_metrics_calculator.TestSharpe" name="test_insufficient_sample" time="0.000" /><testcase classname="tests.test_aeroing4_metrics_calculator.TestSharpe" name="test_zero_volatility_edge_case" time="0.000" /><testcase classname="tests.test_aeroing4_metrics_calculator.TestSortino" name="test_normal" time="0.000" /><testcase classname="tests.test_aeroing4_metrics_calculator.TestSortino" name="test_no_downside_returns" time="0.000" /><testcase classname="tests.test_aeroing4_metrics_calculator.TestSortino" name="test_insufficient_sample" time="0.000" /><testcase classname="tests.test_aeroing4_metrics_calculator.TestCalmar" name="test_normal" time="0.000" /><testcase classname="tests.test_aeroing4_metrics_calculator.TestCalmar" name="test_zero_drawdown_edge_case" time="0.000" /><testcase classname="tests.test_aeroing4_metrics_calculator.TestCalmar" name="test_missing_inputs" time="0.000" /><testcase classname="tests.test_aeroing4_metrics_calculator.TestBootstrapSharpeP5" name="test_deterministic_same_seed" time="0.081" /><testcase classname="tests.test_aeroing4_metrics_calculator.TestBootstrapSharpeP5" name="test_different_seed_may_differ_but_is_valid" time="0.087" /><testcase classname="tests.test_aeroing4_metrics_calculator.TestBootstrapSharpeP5" name="test_insufficient_data" time="0.000" /><testcase classname="tests.test_aeroing4_metrics_parsed_summary_compat.TestParsedSummaryCompatibility" name="test_net_profit_agrees" time="0.001" /><testcase classname="tests.test_aeroing4_metrics_parsed_summary_compat.TestParsedSummaryCompatibility" name="test_win_rate_agrees" time="0.001" /><testcase classname="tests.test_aeroing4_metrics_parsed_summary_compat.TestParsedSummaryCompatibility" name="test_max_drawdown_agrees" time="0.000" /><testcase classname="tests.test_aeroing4_metrics_parsed_summary_compat.TestParsedSummaryCompatibility" name="test_average_trade_duration_agrees" time="0.000" /><testcase classname="tests.test_aeroing4_metrics_parsed_summary_compat.TestParsedSummaryCompatibility" name="test_profit_factor_agrees" time="0.000" /><testcase classname="tests.test_aeroing4_metrics_parsed_summary_compat.TestParsedSummaryCompatibility" name="test_expectancy_agrees" time="0.000" /><testcase classname="tests.test_aeroing4_metrics_parsed_summary_compat.TestParsedSummaryCompatibility" name="test_sharpe_sortino_calmar_agree" time="0.000" /><testcase classname="tests.test_aeroing4_metrics_parsed_summary_compat.TestParsedSummaryCompatibility" name="test_units_are_explicit_0_to_100_for_percentages" time="0.000" /><testcase classname="tests.test_aeroing4_metrics_provenance.TestProvenance" name="test_metrics_version_present" time="0.000" /><testcase classname="tests.test_aeroing4_metrics_provenance.TestProvenance" name="test_source_run_id_survives" time="0.000" /><testcase classname="tests.test_aeroing4_metrics_provenance.TestProvenance" name="test_source_type_survives" time="0.000" /><testcase classname="tests.test_aeroing4_metrics_provenance.TestProvenance" name="test_adapted_and_derived_metrics_identified" time="0.000" /><testcase classname="tests.test_aeroing4_metrics_provenance.TestProvenance" name="test_unavailable_metrics_identified_and_sorted" time="0.000" /><testcase classname="tests.test_aeroing4_metrics_provenance.TestVersioning" name="test_same_version_is_current" time="0.000" /><testcase classname="tests.test_aeroing4_metrics_provenance.TestVersioning" name="test_mismatched_version_detected" time="0.000" /><testcase classname="tests.test_aeroing4_metrics_provenance.TestVersioning" name="test_version_is_single_hardcoded_source" time="0.001" /><testcase classname="tests.test_aeroing4_pair_discovery_integration.TestPairDiscoveryStepBoundary" name="test_valid_pairs_produce_ranked_discovery_result" time="0.005" /><testcase classname="tests.test_aeroing4_pair_discovery_integration.TestPairDiscoveryStepBoundary" name="test_one_failed_pair_does_not_fail_entire_discovery" time="0.004" /><testcase classname="tests.test_aeroing4_pair_discovery_integration.TestPairDiscoveryStepBoundary" name="test_all_unusable_data_produces_clear_failure" time="0.004" /><testcase classname="tests.test_aeroing4_pair_discovery_integration.TestPairDiscoveryStepBoundary" name="test_zero_trade_pairs_classified_as_zero_trades" time="0.004" /><testcase classname="tests.test_aeroing4_pair_discovery_integration.TestPairDiscoveryStepBoundary" name="test_insufficient_trades_classified_correctly" time="0.004" /><testcase classname="tests.test_aeroing4_pair_discovery_integration.TestPairDiscoveryStepBoundary" name="test_valid_pairs_are_ranked_with_evidence_preserved" time="0.004" /><testcase classname="tests.test_aeroing4_pair_discovery_integration.TestDiscoveryResultPersistence" name="test_pair_evaluation_record_serialises_cleanly" time="0.000" /><testcase classname="tests.test_aeroing4_pair_discovery_integration.TestDiscoveryResultPersistence" name="test_null_metrics_survive_round_trip" time="0.000" /><testcase classname="tests.test_aeroing4_pair_discovery_integration.TestDiscoveryResultPersistence" name="test_step_result_with_discovery_data_saves_and_reloads" time="0.011" /><testcase classname="tests.test_aeroing4_pair_discovery_integration.TestDiscoveryUniverse" name="test_explicit_discovery_pairs_are_used_verbatim" time="0.003" /><testcase classname="tests.test_aeroing4_pair_discovery_integration.TestDiscoveryUniverse" name="test_none_discovery_pairs_falls_back_to_default" time="0.002" /><testcase classname="tests.test_aeroing4_pair_discovery_integration.TestDiscoveryUniverse" name="test_empty_discovery_pairs_falls_back_to_default" time="0.002" /><testcase classname="tests.test_aeroing4_pair_discovery_integration.TestDiscoveryUniverse" name="test_pair_selector_universe_used_when_available" time="0.002" /><testcase classname="tests.test_aeroing4_pair_discovery_integration.TestDiscoveryUniverse" name="test_default_universe_has_at_most_25_pairs" time="0.001" /><testcase classname="tests.test_aeroing4_pair_discovery_integration.TestDiscoveryUniverse" name="test_default_universe_has_liquid_major_pairs" time="0.001" /><testcase classname="tests.test_aeroing4_pair_discovery_metrics_regression.TestMetricSourceSwapPreservesValues" name="test_profit_factor_matches_legacy_formula" time="0.001" /><testcase classname="tests.test_aeroing4_pair_discovery_metrics_regression.TestMetricSourceSwapPreservesValues" name="test_expectancy_matches_legacy_formula" time="0.000" /><testcase classname="tests.test_aeroing4_pair_discovery_metrics_regression.TestRankingScoreUnchanged" name="test_rank_score_and_components_stable" time="0.001" /><testcase classname="tests.test_aeroing4_pair_discovery_workflow.TestPairDiscoveryOrchestration" name="test_pass_activity_enters_pair_discovery_when_enabled" time="0.031"><failure message="AssertionError: assert &lt;AeRoing4RunS...LED: 'failed'&gt; == &lt;AeRoing4RunS...: 'completed'&gt;&#10;  &#10;  - completed&#10;  + failed">tests\test_aeroing4_pair_discovery_workflow.py:159: in test_pass_activity_enters_pair_discovery_when_enabled
    assert final_run.status == AeRoing4RunStatus.COMPLETED
E   AssertionError: assert &lt;AeRoing4RunS...LED: 'failed'&gt; == &lt;AeRoing4RunS...: 'completed'&gt;
E     
E     - completed
E     + failed</failure></testcase><testcase classname="tests.test_aeroing4_pair_discovery_workflow.TestPairDiscoveryOrchestration" name="test_no_signal_activity_does_not_enter_pair_discovery_by_default" time="0.029" /><testcase classname="tests.test_aeroing4_pair_discovery_workflow.TestPairDiscoveryOrchestration" name="test_execution_failure_stops_before_pair_discovery" time="0.027" /><testcase classname="tests.test_aeroing4_pair_discovery_workflow.TestPairDiscoveryOrchestration" name="test_pair_discovery_disabled_skips_discovery" time="0.028" /><testcase classname="tests.test_aeroing4_pair_discovery_workflow.TestPairDiscoveryOrchestration" name="test_no_valid_candidates_completes_with_no_pair_candidates_outcome" time="0.037"><failure message="AssertionError: assert &lt;AeRoing4RunS...LED: 'failed'&gt; == &lt;AeRoing4RunS...: 'completed'&gt;&#10;  &#10;  - completed&#10;  + failed">tests\test_aeroing4_pair_discovery_workflow.py:375: in test_no_valid_candidates_completes_with_no_pair_candidates_outcome
    assert final_run.status == AeRoing4RunStatus.COMPLETED
E   AssertionError: assert &lt;AeRoing4RunS...LED: 'failed'&gt; == &lt;AeRoing4RunS...: 'completed'&gt;
E     
E     - completed
E     + failed</failure></testcase><testcase classname="tests.test_aeroing4_pair_discovery_workflow.TestPairDiscoveryOrchestration" name="test_discovery_timerange_is_persisted" time="0.011" /><testcase classname="tests.test_aeroing4_pair_discovery_workflow.TestPairDiscoveryOrchestration" name="test_discovery_pairs_are_persisted" time="0.009" /><testcase classname="tests.test_aeroing4_pair_discovery_workflow.TestPairDiscoveryOrchestration" name="test_discovery_uses_default_timerange_when_not_provided" time="0.022" /><testcase classname="tests.test_aeroing4_research_access_guard.TestBoundariesNotInitialized" name="test_missing_boundaries_allows_with_note" time="0.002" /><testcase classname="tests.test_aeroing4_research_access_guard.TestStagePermissionMatrix" name="test_pair_discovery_allowed_for_develop" time="0.002" /><testcase classname="tests.test_aeroing4_research_access_guard.TestStagePermissionMatrix" name="test_pair_discovery_denied_for_confirmation_zone" time="0.002" /><testcase classname="tests.test_aeroing4_research_access_guard.TestStagePermissionMatrix" name="test_pair_discovery_denied_for_final_unseen_zone" time="0.002" /><testcase classname="tests.test_aeroing4_research_access_guard.TestStagePermissionMatrix" name="test_research_experiment_allowed_for_develop_only" time="0.002" /><testcase classname="tests.test_aeroing4_research_access_guard.TestStagePermissionMatrix" name="test_hyperopt_allowed_for_develop_only" time="0.002" /><testcase classname="tests.test_aeroing4_research_access_guard.TestStagePermissionMatrix" name="test_sensitivity_allowed_for_develop_only" time="0.002" /><testcase classname="tests.test_aeroing4_research_access_guard.TestStagePermissionMatrix" name="test_confirmation_stage_denied_for_develop_zone" time="0.002" /><testcase classname="tests.test_aeroing4_research_access_guard.TestStagePermissionMatrix" name="test_confirmation_stage_denied_for_final_unseen_zone" time="0.002" /><testcase classname="tests.test_aeroing4_research_access_guard.TestStagePermissionMatrix" name="test_confirmation_stage_denied_until_boundaries_frozen" time="0.002" /><testcase classname="tests.test_aeroing4_research_access_guard.TestStagePermissionMatrix" name="test_confirmation_stage_allowed_after_boundaries_frozen" time="0.006" /><testcase classname="tests.test_aeroing4_research_access_guard.TestStagePermissionMatrix" name="test_final_unseen_stage_denied_for_develop_zone" time="0.002" /><testcase classname="tests.test_aeroing4_research_access_guard.TestStagePermissionMatrix" name="test_final_unseen_stage_denied_for_confirmation_zone" time="0.002" /><testcase classname="tests.test_aeroing4_research_access_guard.TestStagePermissionMatrix" name="test_final_unseen_denied_until_confirmation_passed" time="0.005" /><testcase classname="tests.test_aeroing4_research_access_guard.TestFreezeOnFirstDevelopAccess" name="test_boundaries_unfrozen_before_first_access" time="0.003" /><testcase classname="tests.test_aeroing4_research_access_guard.TestFreezeOnFirstDevelopAccess" name="test_first_allowed_develop_access_freezes_boundaries" time="0.005" /><testcase classname="tests.test_aeroing4_research_access_guard.TestFreezeOnFirstDevelopAccess" name="test_denied_access_does_not_freeze" time="0.004" /><testcase classname="tests.test_aeroing4_research_access_guard.TestFreezeOnFirstDevelopAccess" name="test_freeze_persists_across_reload" time="0.011" /><testcase classname="tests.test_aeroing4_research_access_guard.TestFinalUnseenSingleUse" name="test_first_final_unseen_access_allowed" time="0.017" /><testcase classname="tests.test_aeroing4_research_access_guard.TestFinalUnseenSingleUse" name="test_second_final_unseen_access_denied" time="0.022" /><testcase classname="tests.test_aeroing4_research_access_guard.TestProtocolVersionMismatch" name="test_mismatched_frozen_protocol_version_denies_access" time="0.003" /><testcase classname="tests.test_aeroing4_research_access_guard.TestBoundaryManagerLifecycle" name="test_initialize_is_idempotent_for_same_explicit_input" time="0.003" /><testcase classname="tests.test_aeroing4_research_access_guard.TestBoundaryManagerLifecycle" name="test_initialize_allows_correction_before_freeze" time="0.003" /><testcase classname="tests.test_aeroing4_research_access_guard.TestBoundaryManagerLifecycle" name="test_initialize_rejects_change_after_freeze" time="0.013" /><testcase classname="tests.test_aeroing4_research_access_guard.TestBoundaryManagerLifecycle" name="test_derived_mode_persists_concrete_boundaries" time="0.003" /><testcase classname="tests.test_aeroing4_research_access_guard.TestBoundaryManagerLifecycle" name="test_derived_mode_idempotent_for_same_source" time="0.002" /><testcase classname="tests.test_aeroing4_research_access_guard.TestBoundaryManagerLifecycle" name="test_ambiguous_input_raises" time="0.002" /><testcase classname="tests.test_aeroing4_research_access_guard.TestBoundaryManagerLifecycle" name="test_no_input_raises" time="0.002" /><testcase classname="tests.test_aeroing4_research_access_guard.TestProtocolSummary" name="test_summary_reflects_boundaries_and_ledger" time="0.011" /><testcase classname="tests.test_aeroing4_research_access_guard.TestProtocolSummary" name="test_summary_surfaces_latest_violation" time="0.017" /><testcase classname="tests.test_aeroing4_research_budgets.TestBudgetPolicy" name="test_version_constant_exists" time="0.000" /><testcase classname="tests.test_aeroing4_research_budgets.TestBudgetPolicy" name="test_default_limits" time="0.000" /><testcase classname="tests.test_aeroing4_research_budgets.TestBudgetPolicy" name="test_allow_when_within_budget" time="0.000" /><testcase classname="tests.test_aeroing4_research_budgets.TestBudgetPolicy" name="test_deny_when_total_exhausted" time="0.000" /><testcase classname="tests.test_aeroing4_research_budgets.TestBudgetPolicy" name="test_deny_when_hypothesis_exhausted" time="0.000" /><testcase classname="tests.test_aeroing4_research_budgets.TestBudgetPolicy" name="test_remaining_total_calculation" time="0.000" /><testcase classname="tests.test_aeroing4_research_budgets.TestBudgetPolicy" name="test_remaining_for_hypothesis" time="0.001" /><testcase classname="tests.test_aeroing4_research_budgets.TestBudgetPolicy" name="test_is_run_exhausted" time="0.000" /><testcase classname="tests.test_aeroing4_research_budgets.TestBudgetPolicy" name="test_result_is_typed_with_counts" time="0.000" /><testcase classname="tests.test_aeroing4_research_budgets.TestBudgetConcurrency" name="test_total_limit_cannot_be_exceeded_concurrently" time="0.000"><skipped type="pytest.skip" message="Concurrent file writes have platform-specific issues on Windows">L:\M4tie\Documents\AeRoing4\backend\tests\test_aeroing4_research_budgets.py:105: Concurrent file writes have platform-specific issues on Windows</skipped></testcase><testcase classname="tests.test_aeroing4_research_budgets.TestBudgetConcurrency" name="test_duplicate_concurrent_creates_one_experiment" time="2.263" /><testcase classname="tests.test_aeroing4_research_budgets.TestBudgetConcurrency" name="test_simultaneous_writes_do_not_lose_history" time="0.000"><skipped type="pytest.skip" message="Concurrent file writes have platform-specific issues on Windows">L:\M4tie\Documents\AeRoing4\backend\tests\test_aeroing4_research_budgets.py:174: Concurrent file writes have platform-specific issues on Windows</skipped></testcase><testcase classname="tests.test_aeroing4_research_champions.TestInitialChampionState" name="test_no_initial_champion" time="0.001" /><testcase classname="tests.test_aeroing4_research_champions.TestInitialChampionState" name="test_research_state_champion_null_by_default" time="0.004" /><testcase classname="tests.test_aeroing4_research_champions.TestInitialChampionState" name="test_research_state_works_correctly_before_champion" time="0.011" /><testcase classname="tests.test_aeroing4_research_champions.TestBaselineChampionRegistration" name="test_baseline_champion_can_be_registered" time="0.003" /><testcase classname="tests.test_aeroing4_research_champions.TestBaselineChampionRegistration" name="test_baseline_champion_survives_reload" time="0.009" /><testcase classname="tests.test_aeroing4_research_champions.TestBaselineChampionRegistration" name="test_get_by_id" time="0.009" /><testcase classname="tests.test_aeroing4_research_champions.TestChampionLineage" name="test_candidate_lineage_references_parent" time="0.009" /><testcase classname="tests.test_aeroing4_research_champions.TestChampionLineage" name="test_invalid_parent_rejected" time="0.001" /><testcase classname="tests.test_aeroing4_research_champions.TestChampionLineage" name="test_promotion_without_strategy_artifact_rejected" time="0.003" /><testcase classname="tests.test_aeroing4_research_champions.TestChampionLineage" name="test_arbitrary_replacement_without_lineage_rejected" time="0.003" /><testcase classname="tests.test_aeroing4_research_champions.TestOriginalStrategyProtection" name="test_champion_references_run_local_artifact_not_source" time="0.008" /><testcase classname="tests.test_aeroing4_research_champions.TestOriginalStrategyProtection" name="test_original_source_hash_preserved_immutably" time="0.007" /><testcase classname="tests.test_aeroing4_research_champions.TestOriginalStrategyProtection" name="test_promotion_changes_research_state_reference_not_source" time="0.016" /><testcase classname="tests.test_aeroing4_research_champions.TestChampionCorruption" name="test_corrupted_file_raises_integrity_error" time="0.002" /><testcase classname="tests.test_aeroing4_research_data_zones.TestValidateBoundarySet" name="test_valid_non_overlapping_ordered_boundaries_pass" time="0.000" /><testcase classname="tests.test_aeroing4_research_data_zones.TestValidateBoundarySet" name="test_rejects_malformed_timerange" time="0.000" /><testcase classname="tests.test_aeroing4_research_data_zones.TestValidateBoundarySet" name="test_rejects_open_ended_timerange" time="0.000" /><testcase classname="tests.test_aeroing4_research_data_zones.TestValidateBoundarySet" name="test_rejects_reversed_zone" time="0.000" /><testcase classname="tests.test_aeroing4_research_data_zones.TestValidateBoundarySet" name="test_rejects_zero_duration_zone" time="0.000" /><testcase classname="tests.test_aeroing4_research_data_zones.TestValidateBoundarySet" name="test_rejects_overlapping_develop_confirmation" time="0.000" /><testcase classname="tests.test_aeroing4_research_data_zones.TestValidateBoundarySet" name="test_rejects_overlapping_confirmation_final_unseen" time="0.000" /><testcase classname="tests.test_aeroing4_research_data_zones.TestValidateBoundarySet" name="test_rejects_out_of_order_zones" time="0.000" /><testcase classname="tests.test_aeroing4_research_data_zones.TestComputeBoundaryHash" name="test_deterministic_for_same_input" time="0.000" /><testcase classname="tests.test_aeroing4_research_data_zones.TestComputeBoundaryHash" name="test_differs_for_different_input" time="0.000" /><testcase classname="tests.test_aeroing4_research_data_zones.TestComputeBoundaryHash" name="test_differs_across_protocol_versions" time="0.000" /><testcase classname="tests.test_aeroing4_research_data_zones.TestDeriveBoundaries" name="test_splits_deterministically_70_15_15" time="0.000" /><testcase classname="tests.test_aeroing4_research_data_zones.TestDeriveBoundaries" name="test_zones_are_non_overlapping_and_ordered" time="0.000" /><testcase classname="tests.test_aeroing4_research_data_zones.TestDeriveBoundaries" name="test_rejects_too_short_source_range" time="0.000" /><testcase classname="tests.test_aeroing4_research_data_zones.TestDeriveBoundaries" name="test_rejects_unsupported_policy_version" time="0.000" /><testcase classname="tests.test_aeroing4_research_data_zones.TestDeriveBoundaries" name="test_develop_zone_is_majority_of_range" time="0.000" /><testcase classname="tests.test_aeroing4_research_data_zones.TestResearchBoundariesModel" name="test_not_frozen_by_default" time="0.000" /><testcase classname="tests.test_aeroing4_research_data_zones.TestResearchBoundariesModel" name="test_frozen_copy_sets_frozen_at" time="0.000" /><testcase classname="tests.test_aeroing4_research_data_zones.TestResearchBoundariesModel" name="test_frozen_copy_is_idempotent" time="0.000" /><testcase classname="tests.test_aeroing4_research_data_zones.TestResearchBoundariesModel" name="test_round_trip_serialization" time="0.000" /><testcase classname="tests.test_aeroing4_research_data_zones.TestResearchBoundariesModel" name="test_boundary_hash_stable" time="0.000" /><testcase classname="tests.test_aeroing4_research_data_zones.TestDerivationPolicyDrift" name="test_same_input_produces_same_derived_boundaries" time="0.000" /><testcase classname="tests.test_aeroing4_research_data_zones.TestDerivationPolicyDrift" name="test_frozen_boundaries_unaffected_by_later_derivation_attempt" time="0.000" /><testcase classname="tests.test_aeroing4_research_data_zones.TestDerivationPolicyDrift" name="test_frozen_boundary_hash_detects_changed_input" time="0.000" /><testcase classname="tests.test_aeroing4_research_experiments.TestExperimentReservation" name="test_reserve_succeeds" time="0.003" /><testcase classname="tests.test_aeroing4_research_experiments.TestExperimentReservation" name="test_reserve_persists" time="0.009" /><testcase classname="tests.test_aeroing4_research_experiments.TestExperimentReservation" name="test_get_by_id" time="0.009" /><testcase classname="tests.test_aeroing4_research_experiments.TestExperimentReservation" name="test_list_for_run" time="0.017" /><testcase classname="tests.test_aeroing4_research_experiments.TestExperimentReservation" name="test_list_for_hypothesis" time="0.016" /><testcase classname="tests.test_aeroing4_research_experiments.TestExperimentIdentity" name="test_canonical_identity_stability" time="0.000" /><testcase classname="tests.test_aeroing4_research_experiments.TestExperimentIdentity" name="test_key_order_independence" time="0.000" /><testcase classname="tests.test_aeroing4_research_experiments.TestExperimentIdentity" name="test_different_strategy_hash_produces_different_identity" time="0.000" /><testcase classname="tests.test_aeroing4_research_experiments.TestExperimentIdentity" name="test_different_parameter_hash_produces_different_identity" time="0.000" /><testcase classname="tests.test_aeroing4_research_experiments.TestExperimentIdentity" name="test_different_timerange_produces_different_identity" time="0.000" /><testcase classname="tests.test_aeroing4_research_experiments.TestExperimentIdentity" name="test_different_pair_set_produces_different_identity" time="0.000" /><testcase classname="tests.test_aeroing4_research_experiments.TestExperimentIdentity" name="test_pair_ordering_does_not_change_pair_set_hash" time="0.000" /><testcase classname="tests.test_aeroing4_research_experiments.TestExperimentIdentity" name="test_different_config_produces_different_identity" time="0.000" /><testcase classname="tests.test_aeroing4_research_experiments.TestExperimentIdentity" name="test_different_source_strategy_provenance_not_deduplicated" time="0.000" /><testcase classname="tests.test_aeroing4_research_experiments.TestExperimentDuplicateDetection" name="test_duplicate_detected_by_identity_hash" time="0.009" /><testcase classname="tests.test_aeroing4_research_experiments.TestExperimentDuplicateDetection" name="test_duplicate_includes_status_and_result" time="0.010" /><testcase classname="tests.test_aeroing4_research_experiments.TestExperimentDuplicateDetection" name="test_find_by_identity_hash" time="0.009" /><testcase classname="tests.test_aeroing4_research_experiments.TestExperimentDuplicateDetection" name="test_find_by_identity_hash_returns_none_if_not_found" time="0.001" /><testcase classname="tests.test_aeroing4_research_experiments.TestExperimentStatusTransitions" name="test_valid_planned_to_reserved" time="0.003" /><testcase classname="tests.test_aeroing4_research_experiments.TestExperimentStatusTransitions" name="test_valid_reserved_to_ready" time="0.010" /><testcase classname="tests.test_aeroing4_research_experiments.TestExperimentStatusTransitions" name="test_valid_ready_to_running" time="0.016" /><testcase classname="tests.test_aeroing4_research_experiments.TestExperimentStatusTransitions" name="test_valid_running_to_completed" time="0.022" /><testcase classname="tests.test_aeroing4_research_experiments.TestExperimentStatusTransitions" name="test_invalid_transition_raises" time="0.008" /><testcase classname="tests.test_aeroing4_research_experiments.TestExperimentStatusTransitions" name="test_terminal_to_any_raises" time="0.014" /><testcase classname="tests.test_aeroing4_research_experiments.TestExperimentStatusTransitions" name="test_transition_not_found_raises" time="0.001" /><testcase classname="tests.test_aeroing4_research_experiments.TestExperimentMetrics" name="test_record_metrics_preserved_across_reload" time="0.014" /><testcase classname="tests.test_aeroing4_research_experiments.TestExperimentMetrics" name="test_record_decision" time="0.009" /><testcase classname="tests.test_aeroing4_research_experiments.TestExperimentIntegrity" name="test_corrupted_file_raises_integrity_error" time="0.002" /><testcase classname="tests.test_aeroing4_research_hypotheses.TestHypothesisCreation" name="test_create_returns_record_with_stable_id" time="0.003" /><testcase classname="tests.test_aeroing4_research_hypotheses.TestHypothesisCreation" name="test_initial_status_is_proposed" time="0.003" /><testcase classname="tests.test_aeroing4_research_hypotheses.TestHypothesisCreation" name="test_source_preserved" time="0.003" /><testcase classname="tests.test_aeroing4_research_hypotheses.TestHypothesisCreation" name="test_evidence_refs_preserved" time="0.002" /><testcase classname="tests.test_aeroing4_research_hypotheses.TestHypothesisCreation" name="test_list_for_run_empty_initially" time="0.001" /><testcase classname="tests.test_aeroing4_research_hypotheses.TestHypothesisPersistenceReload" name="test_persist_and_reload" time="0.008" /><testcase classname="tests.test_aeroing4_research_hypotheses.TestHypothesisPersistenceReload" name="test_get_by_id" time="0.008" /><testcase classname="tests.test_aeroing4_research_hypotheses.TestHypothesisPersistenceReload" name="test_get_by_id_returns_none_if_not_found" time="0.001" /><testcase classname="tests.test_aeroing4_research_hypotheses.TestHypothesisPersistenceReload" name="test_multiple_hypotheses_preserved" time="0.014" /><testcase classname="tests.test_aeroing4_research_hypotheses.TestHypothesisStatusTransitions" name="test_valid_proposed_to_approved" time="0.011" /><testcase classname="tests.test_aeroing4_research_hypotheses.TestHypothesisStatusTransitions" name="test_valid_approved_to_active" time="0.016" /><testcase classname="tests.test_aeroing4_research_hypotheses.TestHypothesisStatusTransitions" name="test_valid_active_to_supported" time="0.023" /><testcase classname="tests.test_aeroing4_research_hypotheses.TestHypothesisStatusTransitions" name="test_valid_active_to_rejected" time="0.024" /><testcase classname="tests.test_aeroing4_research_hypotheses.TestHypothesisStatusTransitions" name="test_valid_active_to_exhausted" time="0.025" /><testcase classname="tests.test_aeroing4_research_hypotheses.TestHypothesisStatusTransitions" name="test_invalid_supported_to_active_raises" time="0.028" /><testcase classname="tests.test_aeroing4_research_hypotheses.TestHypothesisStatusTransitions" name="test_invalid_rejected_to_active_raises" time="0.028" /><testcase classname="tests.test_aeroing4_research_hypotheses.TestHypothesisStatusTransitions" name="test_transition_not_found_raises" time="0.001" /><testcase classname="tests.test_aeroing4_research_hypotheses.TestHypothesisEvidenceImmutability" name="test_evidence_mutable_before_activation" time="0.000" /><testcase classname="tests.test_aeroing4_research_hypotheses.TestHypothesisEvidenceImmutability" name="test_evidence_locked_after_active" time="0.000" /><testcase classname="tests.test_aeroing4_research_hypotheses.TestHypothesisEvidenceImmutability" name="test_evidence_locked_after_supported" time="0.000" /><testcase classname="tests.test_aeroing4_research_hypotheses.TestHypothesisExperimentAssociation" name="test_associate_experiment" time="0.010" /><testcase classname="tests.test_aeroing4_research_hypotheses.TestHypothesisExperimentAssociation" name="test_associate_experiment_idempotent" time="0.017" /><testcase classname="tests.test_aeroing4_research_hypotheses.TestHypothesisExperimentAssociation" name="test_experiment_count" time="0.020" /><testcase classname="tests.test_aeroing4_research_hypotheses.TestHypothesisExperimentAssociation" name="test_per_hypothesis_budget_exhaustion" time="0.027" /><testcase classname="tests.test_aeroing4_research_hypotheses.TestHypothesisCorruption" name="test_corrupted_file_raises_integrity_error" time="0.002" /><testcase classname="tests.test_aeroing4_research_hypotheses.TestHypothesisSimultaneousCreation" name="test_simultaneous_creation_safety" time="0.000"><skipped type="pytest.skip" message="Concurrent file writes have platform-specific issues on Windows">L:\M4tie\Documents\AeRoing4\backend\tests\test_aeroing4_research_hypotheses.py:238: Concurrent file writes have platform-specific issues on Windows</skipped></testcase><testcase classname="tests.test_aeroing4_research_ledger.TestAccessLedger" name="test_append_persists_entry" time="0.008" /><testcase classname="tests.test_aeroing4_research_ledger.TestAccessLedger" name="test_sequence_increments_and_is_stable_across_reload" time="0.033" /><testcase classname="tests.test_aeroing4_research_ledger.TestAccessLedger" name="test_denied_and_allowed_entries_both_recorded" time="0.014" /><testcase classname="tests.test_aeroing4_research_ledger.TestAccessLedger" name="test_runs_are_isolated" time="0.008" /><testcase classname="tests.test_aeroing4_research_ledger.TestAccessLedger" name="test_load_entries_unknown_run_returns_empty_list" time="0.001" /><testcase classname="tests.test_aeroing4_research_ledger.TestAccessLedger" name="test_has_allowed_access_true_only_for_allowed" time="0.015" /><testcase classname="tests.test_aeroing4_research_ledger.TestAccessLedger" name="test_persists_to_sibling_json_file_under_run_dir" time="0.004" /><testcase classname="tests.test_aeroing4_research_ledger.TestAccessLedger" name="test_new_ledger_instance_sees_persisted_entries" time="0.008" /><testcase classname="tests.test_aeroing4_research_ledger.TestAccessLedger" name="test_strategy_hash_preserved_across_reload" time="0.008" /><testcase classname="tests.test_aeroing4_research_ledger.TestAccessLedger" name="test_parameter_hash_preserved_across_reload" time="0.008" /><testcase classname="tests.test_aeroing4_research_ledger.TestAccessLedger" name="test_experiment_id_preserved_across_reload" time="0.008" /><testcase classname="tests.test_aeroing4_research_ledger.TestAccessLedger" name="test_underlying_result_id_preserved_across_reload" time="0.008" /><testcase classname="tests.test_aeroing4_research_ledger.TestAccessLedger" name="test_pair_set_hash_preserved_across_reload" time="0.008" /><testcase classname="tests.test_aeroing4_research_ledger.TestAccessLedger" name="test_protocol_version_preserved_across_reload" time="0.008" /><testcase classname="tests.test_aeroing4_research_ledger.TestAccessLedger" name="test_simultaneous_writes_do_not_overwrite_each_other" time="0.000"><skipped type="pytest.skip" message="Concurrent file writes have platform-specific issues on Windows">L:\M4tie\Documents\AeRoing4\backend\tests\test_aeroing4_research_ledger.py:271: Concurrent file writes have platform-specific issues on Windows</skipped></testcase><testcase classname="tests.test_aeroing4_research_ledger.TestAccessLedger" name="test_corrupted_ledger_raises_integrity_error" time="0.002" /><testcase classname="tests.test_aeroing4_research_ledger.TestAccessLedger" name="test_absent_ledger_file_returns_empty_list" time="0.001" /><testcase classname="tests.test_aeroing4_research_ledger.TestAccessLedger" name="test_corrupted_ledger_prevents_has_allowed_access" time="0.002" /><testcase classname="tests.test_aeroing4_research_ledger.TestAccessLedger" name="test_concurrent_final_unseen_requests_only_one_allowed" time="0.000"><skipped type="pytest.skip" message="Concurrent file writes have platform-specific issues on Windows">L:\M4tie\Documents\AeRoing4\backend\tests\test_aeroing4_research_ledger.py:342: Concurrent file writes have platform-specific issues on Windows</skipped></testcase><testcase classname="tests.test_aeroing4_research_ledger_concurrency.TestAccessLedgerConcurrencyOwnership" name="test_single_instance_concurrent_writes_all_land" time="0.001"><skipped type="pytest.skip" message="Concurrent file writes have platform-specific issues on Windows">L:\M4tie\Documents\AeRoing4\backend\tests\test_aeroing4_research_ledger_concurrency.py:60: Concurrent file writes have platform-specific issues on Windows</skipped></testcase><testcase classname="tests.test_aeroing4_research_ledger_concurrency.TestAccessLedgerConcurrencyOwnership" name="test_two_instances_same_path_writes_all_land" time="0.065" /><testcase classname="tests.test_aeroing4_research_ledger_concurrency.TestAccessLedgerConcurrencyOwnership" name="test_canonical_single_instance_assumption_documented" time="0.000" /><testcase classname="tests.test_aeroing4_research_orchestrator_integration.TestProtocolOptIn" name="test_protocol_inactive_when_timeranges_absent" time="0.000"><skipped type="pytest.skip" message="Research Protocol integration tests need update for Bias Check step">L:\M4tie\Documents\AeRoing4\backend\tests\test_aeroing4_research_orchestrator_integration.py:97: Research Protocol integration tests need update for Bias Check step</skipped></testcase><testcase classname="tests.test_aeroing4_research_orchestrator_integration.TestProtocolOptIn" name="test_protocol_active_freezes_boundaries_and_allows_discovery" time="0.000"><skipped type="pytest.skip" message="Research Protocol integration tests need update for Bias Check step">L:\M4tie\Documents\AeRoing4\backend\tests\test_aeroing4_research_orchestrator_integration.py:103: Research Protocol integration tests need update for Bias Check step</skipped></testcase><testcase classname="tests.test_aeroing4_research_orchestrator_integration.TestProtocolOptIn" name="test_denied_guard_access_fails_run_without_running_discovery" time="0.000"><skipped type="pytest.skip" message="Research Protocol integration tests need update for Bias Check step">L:\M4tie\Documents\AeRoing4\backend\tests\test_aeroing4_research_orchestrator_integration.py:110: Research Protocol integration tests need update for Bias Check step</skipped></testcase><testcase classname="tests.test_aeroing4_research_protocol_integration.TestExperimentPlanningNoDataAccess" name="test_planning_does_not_require_data_access" time="0.003" /><testcase classname="tests.test_aeroing4_research_protocol_integration.TestExecutionReadinessRequestsDevelop" name="test_experiment_readiness_uses_develop_zone" time="0.005" /><testcase classname="tests.test_aeroing4_research_protocol_integration.TestExecutionReadinessRequestsDevelop" name="test_access_ledger_entry_id_stored" time="0.018" /><testcase classname="tests.test_aeroing4_research_protocol_integration.TestConfirmationAndFinalUnseenDenied" name="test_research_experiment_denied_for_confirmation_zone" time="0.010" /><testcase classname="tests.test_aeroing4_research_protocol_integration.TestConfirmationAndFinalUnseenDenied" name="test_research_experiment_denied_for_final_unseen_zone" time="0.002" /><testcase classname="tests.test_aeroing4_research_protocol_integration.TestConfirmationAndFinalUnseenDenied" name="test_stage_allowed_zones_confirms_develop_only" time="0.000" /><testcase classname="tests.test_aeroing4_research_protocol_integration.TestProtocolVersionAndTimerangePersistence" name="test_protocol_version_stored_in_experiment" time="0.024" /><testcase classname="tests.test_aeroing4_research_protocol_integration.TestProtocolVersionAndTimerangePersistence" name="test_restart_preserves_protocol_association" time="0.012" /><testcase classname="tests.test_aeroing4_research_restart.TestRestartScenarioA" name="test_frozen_boundaries_survive_reload" time="0.010" /><testcase classname="tests.test_aeroing4_research_restart.TestRestartScenarioA" name="test_denied_access_remains_denied_after_reload" time="0.010" /><testcase classname="tests.test_aeroing4_research_restart.TestRestartScenarioA" name="test_protocol_version_state_survives_reload" time="0.011" /><testcase classname="tests.test_aeroing4_research_restart.TestRestartScenarioA" name="test_ledger_entries_survive_reload" time="0.010" /><testcase classname="tests.test_aeroing4_research_restart.TestRestartScenarioB" name="test_prior_final_unseen_access_remains_known_after_reload" time="0.017" /><testcase classname="tests.test_aeroing4_research_restart.TestRestartScenarioB" name="test_second_final_unseen_attempt_still_denied_after_reload" time="0.022" /><testcase classname="tests.test_aeroing4_research_restart.TestRestartScenarioC" name="test_changed_boundary_input_rejected_after_reload" time="0.011" /><testcase classname="tests.test_aeroing4_research_restart.TestRestartScenarioC" name="test_same_boundary_input_idempotent_after_reload" time="0.010" /><testcase classname="tests.test_aeroing4_research_restart.TestAdditionalReloadBehavior" name="test_derived_boundaries_survive_reload" time="0.007" /><testcase classname="tests.test_aeroing4_research_restart.TestAdditionalReloadBehavior" name="test_confirmation_passed_gate_survives_reload" time="0.016" /><testcase classname="tests.test_aeroing4_research_restart.TestAdditionalReloadBehavior" name="test_denied_ledger_entries_survive_reload" time="0.008" /><testcase classname="tests.test_aeroing4_research_restart_memory.TestScenarioA" name="test_reserved_survives_reload" time="0.008" /><testcase classname="tests.test_aeroing4_research_restart_memory.TestScenarioA" name="test_reserved_blocks_duplicate_creation" time="0.008" /><testcase classname="tests.test_aeroing4_research_restart_memory.TestScenarioB" name="test_running_becomes_interrupted_on_reconcile" time="0.022" /><testcase classname="tests.test_aeroing4_research_restart_memory.TestScenarioB" name="test_interrupted_experiment_blocks_new_experiment" time="0.027" /><testcase classname="tests.test_aeroing4_research_restart_memory.TestScenarioB" name="test_running_experiment_requires_reconciliation_before_duplicate" time="0.021" /><testcase classname="tests.test_aeroing4_research_restart_memory.TestScenarioC" name="test_active_experiment_id_round_trips" time="0.010" /><testcase classname="tests.test_aeroing4_research_restart_memory.TestScenarioD" name="test_hypothesis_budget_partial_consumption_survives_reload" time="0.022" /><testcase classname="tests.test_aeroing4_research_state.TestResearchStateCreation" name="test_creates_with_null_champion" time="0.004" /><testcase classname="tests.test_aeroing4_research_state.TestResearchStateCreation" name="test_initial_status_is_not_started" time="0.004" /><testcase classname="tests.test_aeroing4_research_state.TestResearchStateCreation" name="test_initial_budget_counters" time="0.003" /><testcase classname="tests.test_aeroing4_research_state.TestResearchStateCreation" name="test_no_active_hypothesis_or_experiment" time="0.004" /><testcase classname="tests.test_aeroing4_research_state.TestResearchStateCreation" name="test_timestamps_set" time="0.003" /><testcase classname="tests.test_aeroing4_research_state.TestResearchStatePersistenceReload" name="test_persist_and_reload" time="0.010" /><testcase classname="tests.test_aeroing4_research_state.TestResearchStatePersistenceReload" name="test_load_returns_none_if_not_found" time="0.001" /><testcase classname="tests.test_aeroing4_research_state.TestResearchStatePersistenceReload" name="test_load_or_create_creates_if_absent" time="0.004" /><testcase classname="tests.test_aeroing4_research_state.TestResearchStatePersistenceReload" name="test_load_or_create_returns_existing" time="0.011" /><testcase classname="tests.test_aeroing4_research_state.TestResearchStatePersistenceReload" name="test_active_experiment_id_round_trips" time="0.010" /><testcase classname="tests.test_aeroing4_research_state.TestResearchStatusTransitions" name="test_valid_transition_not_started_to_active" time="0.004" /><testcase classname="tests.test_aeroing4_research_state.TestResearchStatusTransitions" name="test_valid_transition_active_to_exhausted" time="0.003" /><testcase classname="tests.test_aeroing4_research_state.TestResearchStatusTransitions" name="test_valid_transition_active_to_completed" time="0.003" /><testcase classname="tests.test_aeroing4_research_state.TestResearchStatusTransitions" name="test_invalid_transition_raises" time="0.003" /><testcase classname="tests.test_aeroing4_research_state.TestResearchStatusTransitions" name="test_terminal_to_active_rejected" time="0.003" /><testcase classname="tests.test_aeroing4_research_state.TestResearchStateCorruption" name="test_corrupted_file_raises_integrity_error" time="0.002" /><testcase classname="tests.test_aeroing4_research_state.TestResearchStateCorruption" name="test_corrupted_file_never_returns_empty" time="0.002" /><testcase classname="tests.test_aeroing4_research_state.TestResearchStateBudgetCounters" name="test_increment_experiments_reserved" time="0.011" /><testcase classname="tests.test_aeroing4_research_state.TestResearchStateBudgetCounters" name="test_increment_hypotheses_created" time="0.010" /><testcase classname="tests.test_aeroing4_research_state.TestResearchStateBudgetCounters" name="test_accessed_data_zones_tracked" time="0.010" /><testcase classname="tests.test_aeroing4_smoke_backtest.TestSmokeBacktestStep" name="test_successful_run_with_trades" time="0.003" /><testcase classname="tests.test_aeroing4_smoke_backtest.TestSmokeBacktestStep" name="test_successful_run_with_zero_trades" time="0.003" /><testcase classname="tests.test_aeroing4_smoke_backtest.TestSmokeBacktestStep" name="test_freqtrade_execution_error" time="0.003" /><testcase classname="tests.test_aeroing4_smoke_backtest.TestSmokeBacktestStep" name="test_run_status_failed" time="0.004" /><testcase classname="tests.test_aeroing4_smoke_backtest.TestSmokeBacktestStep" name="test_no_accepted_version" time="0.001" /><testcase classname="tests.test_aeroing4_smoke_backtest.TestSmokeBacktestStep" name="test_exception_handling" time="0.001" /><testcase classname="tests.test_aeroing4_state.TestAeRoing4StateStore" name="test_create_run" time="0.002" /><testcase classname="tests.test_aeroing4_state.TestAeRoing4StateStore" name="test_persist_and_reload_run" time="0.007" /><testcase classname="tests.test_aeroing4_state.TestAeRoing4StateStore" name="test_atomic_state_update" time="0.011" /><testcase classname="tests.test_aeroing4_state.TestAeRoing4StateStore" name="test_unknown_run_id" time="0.001" /><testcase classname="tests.test_aeroing4_state.TestAeRoing4StateStore" name="test_list_runs" time="0.011" /><testcase classname="tests.test_aeroing4_state.TestAeRoing4StateStore" name="test_list_runs_filter_by_status" time="0.012" /><testcase classname="tests.test_aeroing4_state.TestAeRoing4StateStore" name="test_delete_run" time="0.006" /><testcase classname="tests.test_aeroing4_state.TestAeRoing4StateStore" name="test_delete_unknown_run" time="0.001" /><testcase classname="tests.test_aeroing4_state.TestAeRoing4StateStore" name="test_active_run_management" time="0.002" /><testcase classname="tests.test_aeroing4_state.TestAeRoing4StateStore" name="test_step_result_persistence" time="0.007" /><testcase classname="tests.test_aeroing4_state.TestAeRoing4StateStore" name="test_mark_completed" time="0.007" /><testcase classname="tests.test_aeroing4_state.TestAeRoing4StateStore" name="test_mark_failed" time="0.007" /><testcase classname="tests.test_aeroing4_state.TestAeRoing4StateStore" name="test_mark_cancelled" time="0.007" /><testcase classname="tests.test_aeroing4_state.TestAeRoing4StateStore" name="test_atomic_write_prevents_corruption" time="0.011" /><testcase classname="tests.test_aeroing4_validation.TestValidationStep" name="test_valid_strategy" time="0.003" /><testcase classname="tests.test_aeroing4_validation.TestValidationStep" name="test_invalid_python_syntax" time="0.002" /><testcase classname="tests.test_aeroing4_validation.TestValidationStep" name="test_missing_strategy" time="0.002" /><testcase classname="tests.test_aeroing4_validation.TestValidationStep" name="test_freqtrade_validation_failure" time="0.002" /><testcase classname="tests.test_aeroing4_validation.TestValidationStep" name="test_freqtrade_timeout_must_not_pass" time="0.002" /><testcase classname="tests.test_aeroing4_validation.TestValidationStep" name="test_freqtrade_unavailable_must_not_pass" time="0.002" /><testcase classname="tests.test_aeroing4_validation.TestValidationStep" name="test_missing_class_name_detection" time="0.003" /><testcase classname="tests.test_aeroing4_validation.TestValidationStep" name="test_exception_handling" time="0.002" /><testcase classname="tests.test_aeroing4_workflow.TestAeRoing4Orchestrator" name="test_create_run" time="0.002" /><testcase classname="tests.test_aeroing4_workflow.TestAeRoing4Orchestrator" name="test_create_run_with_conflict" time="0.008" /><testcase classname="tests.test_aeroing4_workflow.TestAeRoing4Orchestrator" name="test_get_run" time="0.007" /><testcase classname="tests.test_aeroing4_workflow.TestAeRoing4Orchestrator" name="test_get_unknown_run" time="0.001" /><testcase classname="tests.test_aeroing4_workflow.TestAeRoing4Orchestrator" name="test_list_runs" time="0.016" /><testcase classname="tests.test_aeroing4_workflow.TestAeRoing4Orchestrator" name="test_validation_failure_stops_workflow" time="0.026" /><testcase classname="tests.test_aeroing4_workflow.TestAeRoing4Orchestrator" name="test_data_failure_stops_workflow" time="0.026" /><testcase classname="tests.test_aeroing4_workflow.TestAeRoing4Orchestrator" name="test_successful_activity_flow_completes" time="0.030" /><testcase classname="tests.test_aeroing4_workflow.TestAeRoing4Orchestrator" name="test_cancellation_persists_correctly" time="0.030" /><testcase classname="tests.test_aeroing4_workflow.TestAeRoing4Orchestrator" name="test_no_signal_activity_completes" time="0.028" /><testcase classname="tests.test_aeroing4_workflow.TestAeRoing4Orchestrator" name="test_execution_failure_fails_run" time="0.024" /></testsuite></testsuites>