<?xml version="1.0" encoding="utf-8"?><testsuites name="pytest tests"><testsuite name="pytest" errors="4" failures="0" skipped="0" tests="4" time="1.333" timestamp="2026-07-11T03:48:35.411932+03:00" hostname="4tie"><testcase classname="" name="tests.test_aeroing4_pair_discovery_scoring" time="0.000"><error message="collection failure">ImportError while importing test module 'L:\M4tie\Documents\AeRoing4\backend\tests\test_aeroing4_pair_discovery_scoring.py'.
Hint: make sure your test modules/packages have valid Python names.
Traceback:
C:\Users\M4tie\AppData\Roaming\uv\python\cpython-3.11-windows-x86_64-none\Lib\importlib\__init__.py:126: in import_module
    return _bootstrap._gcd_import(name[level:], package, level)
           ^^^^^^^^^^^^^^^^^^^^^^^^^^^^^^^^^^^^^^^^^^^^^^^^^^^^
tests\test_aeroing4_pair_discovery_scoring.py:16: in &lt;module&gt;
    from backend.services.aeroing4.scoring import (
E   ImportError: cannot import name 'DEFAULT_MIN_TRADES' from 'backend.services.aeroing4.scoring' (L:\M4tie\Documents\AeRoing4\backend\services\aeroing4\scoring.py)</error></testcase><testcase classname="" name="tests.test_ai_agent_chat" time="0.000"><error message="collection failure">ImportError while importing test module 'L:\M4tie\Documents\AeRoing4\backend\tests\test_ai_agent_chat.py'.
Hint: make sure your test modules/packages have valid Python names.
Traceback:
C:\Users\M4tie\AppData\Roaming\uv\python\cpython-3.11-windows-x86_64-none\Lib\importlib\__init__.py:126: in import_module
    return _bootstrap._gcd_import(name[level:], package, level)
           ^^^^^^^^^^^^^^^^^^^^^^^^^^^^^^^^^^^^^^^^^^^^^^^^^^^^
tests\test_ai_agent_chat.py:8: in &lt;module&gt;
    from backend.api.routers.ai_agent import ChatRequest, chat_with_ai_agent
E   ImportError: cannot import name 'ChatRequest' from 'backend.api.routers.ai_agent' (L:\M4tie\Documents\AeRoing4\backend\api\routers\ai_agent\__init__.py)</error></testcase><testcase classname="" name="tests.test_auto_quant_router_strategy_spec" time="0.000"><error message="collection failure">ImportError while importing test module 'L:\M4tie\Documents\AeRoing4\backend\tests\test_auto_quant_router_strategy_spec.py'.
Hint: make sure your test modules/packages have valid Python names.
Traceback:
C:\Users\M4tie\AppData\Roaming\uv\python\cpython-3.11-windows-x86_64-none\Lib\importlib\__init__.py:126: in import_module
    return _bootstrap._gcd_import(name[level:], package, level)
           ^^^^^^^^^^^^^^^^^^^^^^^^^^^^^^^^^^^^^^^^^^^^^^^^^^^^
tests\test_auto_quant_router_strategy_spec.py:27: in &lt;module&gt;
    from backend.api.routers.auto_quant import GenerateStrategySpecRequest, GenerateStrategySpecResponse
E   ImportError: cannot import name 'GenerateStrategySpecRequest' from 'backend.api.routers.auto_quant' (L:\M4tie\Documents\AeRoing4\backend\api\routers\auto_quant\__init__.py)</error></testcase><testcase classname="" name="tests.test_ollama_service" time="0.000"><error message="collection failure">ImportError while importing test module 'L:\M4tie\Documents\AeRoing4\backend\tests\test_ollama_service.py'.
Hint: make sure your test modules/packages have valid Python names.
Traceback:
C:\Users\M4tie\AppData\Roaming\uv\python\cpython-3.11-windows-x86_64-none\Lib\importlib\__init__.py:126: in import_module
    return _bootstrap._gcd_import(name[level:], package, level)
           ^^^^^^^^^^^^^^^^^^^^^^^^^^^^^^^^^^^^^^^^^^^^^^^^^^^^
tests\test_ollama_service.py:16: in &lt;module&gt;
    from backend.services.auto_quant.ollama_service import (
E   ImportError: cannot import name 'OllamaClient' from 'backend.services.auto_quant.ollama_service' (L:\M4tie\Documents\AeRoing4\backend\services\auto_quant\ollama_service.py)</error></testcase></testsuite></testsuites>